2024-03-05 01:40:16.606 [info] Log level: Info
2024-03-05 01:40:16.607 [info] Validating found git in: "git"
2024-03-05 01:40:16.607 [info] Using git "2.39.2" from "git"
2024-03-05 01:40:16.607 [info] > git rev-parse --show-toplevel [5ms]
2024-03-05 01:40:16.607 [info] fatal: not a git repository (or any of the parent directories): .git
2024-03-05 01:40:16.607 [info] > git rev-parse --show-toplevel [2ms]
2024-03-05 01:40:16.607 [info] fatal: not a git repository (or any of the parent directories): .git
2024-03-05 01:40:16.607 [info] > git rev-parse --show-toplevel [2ms]
2024-03-05 01:40:16.607 [info] fatal: not a git repository (or any of the parent directories): .git
2024-03-05 01:42:04.501 [info] > git rev-parse --show-toplevel [229ms]
2024-03-05 01:42:04.501 [info] fatal: not a git repository (or any of the parent directories): .git
2024-03-05 01:54:03.477 [info] > git rev-parse --show-toplevel [56ms]
2024-03-05 01:54:03.489 [info] fatal: not a git repository (or any of the parent directories): .git
2024-03-05 01:57:17.612 [info] > git rev-parse --show-toplevel [3ms]
2024-03-05 01:57:17.612 [info] fatal: not a git repository (or any of the parent directories): .git
2024-03-05 01:57:18.888 [info] > git rev-parse --show-toplevel [7ms]
2024-03-05 01:57:18.888 [info] fatal: not a git repository (or any of the parent directories): .git
2024-03-05 01:57:20.965 [info] > git rev-parse --show-toplevel [2ms]
2024-03-05 01:57:20.966 [info] fatal: not a git repository (or any of the parent directories): .git
2024-03-05 01:57:22.776 [info] > git rev-parse --show-toplevel [3ms]
2024-03-05 01:57:22.776 [info] fatal: not a git repository (or any of the parent directories): .git
2024-03-05 01:57:25.354 [info] > git rev-parse --show-toplevel [3ms]
2024-03-05 01:57:25.354 [info] fatal: not a git repository (or any of the parent directories): .git
