2024-03-11 16:12:25.377 [info] Log level: Info
2024-03-11 16:12:25.377 [info] Validating found git in: "git"
2024-03-11 16:12:25.377 [info] Using git "2.39.2" from "git"
2024-03-11 16:12:25.377 [info] > git rev-parse --show-toplevel [139ms]
2024-03-11 16:12:25.377 [info] > git rev-parse --git-dir --git-common-dir [47ms]
2024-03-11 16:12:25.377 [info] Open repository: /root
2024-03-11 16:12:25.398 [info] > git rev-parse --show-toplevel [31ms]
2024-03-11 16:12:25.401 [info] > git config --get commit.template [56ms]
2024-03-11 16:12:25.472 [info] > git rev-parse --show-toplevel [27ms]
2024-03-11 16:12:25.488 [info] > git for-each-ref --format=%(refname)%00%(upstream:short)%00%(objectname)%00%(upstream:track)%00%(upstream:remotename)%00%(upstream:remoteref) refs/heads/main refs/remotes/main [23ms]
2024-03-11 16:12:25.498 [info] > git rev-parse --show-toplevel [13ms]
2024-03-11 16:12:25.622 [info] > git rev-parse --show-toplevel [11ms]
2024-03-11 16:12:26.055 [info] > git status -z -uall [403ms]
2024-03-11 16:12:26.056 [info] > git check-ignore -v -z --stdin [65ms]
2024-03-11 16:12:26.059 [info] > git show --textconv :main.py [23ms]
2024-03-11 16:12:26.140 [info] > git fetch [822ms]
2024-03-11 16:12:26.196 [info] > git ls-files --stage -- /root/main.py [146ms]
2024-03-11 16:12:26.944 [info] > git cat-file -s 6cd458c9e9d1d6b529d6b06aebca6782558f001a [729ms]
2024-03-11 16:12:26.946 [info] > git config --get commit.template [766ms]
2024-03-11 16:12:26.946 [info] > git config --get commit.template [781ms]
2024-03-11 16:12:27.049 [info] > git for-each-ref --format=%(refname)%00%(upstream:short)%00%(objectname)%00%(upstream:track)%00%(upstream:remotename)%00%(upstream:remoteref) refs/heads/main refs/remotes/main [37ms]
2024-03-11 16:12:27.078 [info] > git for-each-ref --format=%(refname)%00%(upstream:short)%00%(objectname)%00%(upstream:track)%00%(upstream:remotename)%00%(upstream:remoteref) refs/heads/main refs/remotes/main [37ms]
2024-03-11 16:12:27.319 [info] > git status -z -uall [209ms]
2024-03-11 16:12:29.805 [info] > git config --get commit.template [3ms]
2024-03-11 16:12:29.831 [info] > git for-each-ref --format=%(refname)%00%(upstream:short)%00%(objectname)%00%(upstream:track)%00%(upstream:remotename)%00%(upstream:remoteref) refs/heads/main refs/remotes/main [6ms]
2024-03-11 16:12:30.295 [info] > git status -z -uall [444ms]
2024-03-11 16:12:35.486 [info] > git config --get commit.template [33ms]
2024-03-11 16:12:35.508 [info] > git for-each-ref --format=%(refname)%00%(upstream:short)%00%(objectname)%00%(upstream:track)%00%(upstream:remotename)%00%(upstream:remoteref) refs/heads/main refs/remotes/main [24ms]
2024-03-11 16:12:36.011 [info] > git status -z -uall [456ms]
2024-03-11 16:12:41.107 [info] > git config --get commit.template [13ms]
2024-03-11 16:12:41.109 [info] > git for-each-ref --format=%(refname)%00%(upstream:short)%00%(objectname)%00%(upstream:track)%00%(upstream:remotename)%00%(upstream:remoteref) refs/heads/main refs/remotes/main [2ms]
2024-03-11 16:12:41.244 [info] > git status -z -uall [122ms]
2024-03-11 16:12:46.315 [info] > git config --get commit.template [15ms]
2024-03-11 16:12:46.316 [info] > git for-each-ref --format=%(refname)%00%(upstream:short)%00%(objectname)%00%(upstream:track)%00%(upstream:remotename)%00%(upstream:remoteref) refs/heads/main refs/remotes/main [3ms]
2024-03-11 16:12:46.471 [info] > git status -z -uall [143ms]
2024-03-11 16:12:51.538 [info] > git config --get commit.template [14ms]
2024-03-11 16:12:51.540 [info] > git for-each-ref --format=%(refname)%00%(upstream:short)%00%(objectname)%00%(upstream:track)%00%(upstream:remotename)%00%(upstream:remoteref) refs/heads/main refs/remotes/main [3ms]
2024-03-11 16:12:51.716 [info] > git status -z -uall [162ms]
2024-03-11 16:12:56.776 [info] > git config --get commit.template [13ms]
2024-03-11 16:12:56.777 [info] > git for-each-ref --format=%(refname)%00%(upstream:short)%00%(objectname)%00%(upstream:track)%00%(upstream:remotename)%00%(upstream:remoteref) refs/heads/main refs/remotes/main [3ms]
2024-03-11 16:12:56.910 [info] > git status -z -uall [120ms]
2024-03-11 16:13:01.968 [info] > git config --get commit.template [12ms]
2024-03-11 16:13:01.971 [info] > git for-each-ref --format=%(refname)%00%(upstream:short)%00%(objectname)%00%(upstream:track)%00%(upstream:remotename)%00%(upstream:remoteref) refs/heads/main refs/remotes/main [5ms]
2024-03-11 16:13:02.110 [info] > git status -z -uall [128ms]
2024-03-11 16:13:08.327 [info] > git config --get commit.template [3ms]
2024-03-11 16:13:08.342 [info] > git for-each-ref --format=%(refname)%00%(upstream:short)%00%(objectname)%00%(upstream:track)%00%(upstream:remotename)%00%(upstream:remoteref) refs/heads/main refs/remotes/main [3ms]
2024-03-11 16:13:08.476 [info] > git status -z -uall [122ms]
2024-03-11 16:13:13.533 [info] > git config --get commit.template [15ms]
2024-03-11 16:13:13.535 [info] > git for-each-ref --format=%(refname)%00%(upstream:short)%00%(objectname)%00%(upstream:track)%00%(upstream:remotename)%00%(upstream:remoteref) refs/heads/main refs/remotes/main [3ms]
2024-03-11 16:13:13.673 [info] > git status -z -uall [124ms]
