2024-03-05 14:43:33.600 [info] Experiment 'pythonaa' is active
2024-03-05 14:43:33.600 [info] Experiment 'pythonRecommendTensorboardExt' is active
2024-03-05 14:43:33.600 [info] Experiment 'pythonREPLSmartSend' is active
2024-03-05 14:43:33.600 [info] Experiment 'pythonTerminalEnvVarActivation' is active
2024-03-05 14:43:33.600 [info] Experiment 'pythonTestAdapter' is active
2024-03-05 14:43:33.600 [info] Default formatter is set to null for workspace /root
2024-03-05 14:43:33.601 [info] Test server listening.
2024-03-05 14:43:33.601 [info] Python interpreter path: /usr/bin/python3
2024-03-05 14:43:36.968 [info] Starting Pylance language server.
2024-03-05 14:45:39.848 [info] Discover tests for workspace name: root - uri: /root/main.py
2024-03-05 14:45:48.285 [info] Send text to terminal: /usr/bin/python3 /root/main.py
2024-03-05 14:47:41.882 [info] Discover tests for workspace name: root - uri: /root/main.py
2024-03-05 14:47:43.643 [info] Discover tests for workspace name: root - uri: /root/main.py
2024-03-05 14:47:45.301 [info] Discover tests for workspace name: root - uri: /root/main.py
2024-03-05 14:47:46.418 [info] Discover tests for workspace name: root - uri: /root/main.py
2024-03-05 14:47:52.006 [info] Discover tests for workspace name: root - uri: /root/main.py
2024-03-05 14:47:56.046 [info] Discover tests for workspace name: root - uri: /root/main.py
2024-03-05 14:47:59.130 [info] Discover tests for workspace name: root - uri: /root/main.py
2024-03-05 14:50:07.228 [info] Discover tests for workspace name: root - uri: /root/main.py
2024-03-05 14:51:03.990 [info] Discover tests for workspace name: root - uri: /root/main.py
2024-03-05 14:51:05.601 [info] Discover tests for workspace name: root - uri: /root/main.py
2024-03-05 14:51:12.724 [info] Discover tests for workspace name: root - uri: /root/main.py
2024-03-05 14:51:16.655 [info] Discover tests for workspace name: root - uri: /root/main.py
2024-03-05 14:51:18.496 [info] Discover tests for workspace name: root - uri: /root/main.py
2024-03-05 14:51:20.339 [info] Discover tests for workspace name: root - uri: /root/main.py
2024-03-05 14:51:21.637 [info] Discover tests for workspace name: root - uri: /root/main.py
2024-03-05 14:51:23.239 [info] Discover tests for workspace name: root - uri: /root/main.py
2024-03-05 14:51:43.456 [info] Discover tests for workspace name: root - uri: /root/main.py
2024-03-05 14:51:52.658 [info] Discover tests for workspace name: root - uri: /root/main.py
2024-03-05 14:54:40.304 [info] Discover tests for workspace name: root - uri: /root/main.py
2024-03-05 14:56:16.635 [info] Send text to terminal: /usr/bin/python3 /root/main.py
2024-03-05 14:56:36.993 [info] Discover tests for workspace name: root - uri: /root/main.py
2024-03-05 14:56:39.120 [info] Discover tests for workspace name: root - uri: /root/main.py
2024-03-05 14:56:50.788 [info] Discover tests for workspace name: root - uri: /root/main.py
2024-03-05 14:56:52.730 [info] Send text to terminal: /usr/bin/python3 /root/main.py
2024-03-05 15:00:36.646 [info] Discover tests for workspace name: root - uri: /root/main.py
