2024-03-05 02:05:36.223 [info] Experiment 'pythonaa' is active
2024-03-05 02:05:36.223 [info] Experiment 'pythonRecommendTensorboardExt' is active
2024-03-05 02:05:36.223 [info] Experiment 'pythonREPLSmartSend' is active
2024-03-05 02:05:36.223 [info] Experiment 'pythonTerminalEnvVarActivation' is active
2024-03-05 02:05:36.223 [info] Experiment 'pythonTestAdapter' is active
2024-03-05 02:05:36.223 [info] Default formatter is set to null for workspace /root
2024-03-05 02:05:36.223 [info] Test server listening.
2024-03-05 02:05:36.223 [info] Python interpreter path: /usr/bin/python3
2024-03-05 02:05:39.310 [info] Starting Pylance language server.
2024-03-05 02:09:51.364 [info] Discover tests for workspace name: root - uri: /root/main.py
2024-03-05 02:09:53.979 [info] Discover tests for workspace name: root - uri: /root/main.py
2024-03-05 02:09:56.453 [info] Discover tests for workspace name: root - uri: /root/main.py
2024-03-05 02:11:17.656 [info] Discover tests for workspace name: root - uri: /root/main.py
2024-03-05 02:11:19.572 [info] Discover tests for workspace name: root - uri: /root/main.py
2024-03-05 02:14:20.642 [info] Discover tests for workspace name: root - uri: /root/main.py
2024-03-05 02:14:22.655 [info] Discover tests for workspace name: root - uri: /root/main.py
2024-03-05 02:14:34.191 [info] Discover tests for workspace name: root - uri: /root/main.py
2024-03-05 02:16:37.290 [info] > conda info --json
2024-03-05 02:16:37.321 [info] Found: /bin/python3 --> /bin/python3.11
2024-03-05 02:16:37.322 [info] Found: /bin/python3.11 --> /bin/python3.11
2024-03-05 02:16:37.374 [info] > /usr/bin/python3 -I ./.vscode-server/extensions/ms-python.python-2024.2.1/pythonFiles/get_output_via_markers.py ./.vscode-server/extensions/ms-python.python-2024.2.1/pythonFiles/interpreterInfo.py
2024-03-05 02:16:37.379 [info] Found: /usr/bin/python3 --> /usr/bin/python3.11
2024-03-05 02:16:37.379 [info] Found: /usr/bin/python3.11 --> /usr/bin/python3.11
2024-03-05 02:16:37.430 [info] > /bin/python3 -I ./.vscode-server/extensions/ms-python.python-2024.2.1/pythonFiles/get_output_via_markers.py ./.vscode-server/extensions/ms-python.python-2024.2.1/pythonFiles/interpreterInfo.py
2024-03-05 02:16:43.898 [info] Discover tests for workspace name: root - uri: /root
2024-03-05 02:16:55.249 [info] Send text to terminal: /usr/bin/python3 /root/main.py
2024-03-05 02:17:21.735 [info] Discover tests for workspace name: root - uri: /root/main.py
2024-03-05 02:17:24.612 [info] Discover tests for workspace name: root - uri: /root/main.py
2024-03-05 02:17:24.996 [info] Send text to terminal: /usr/bin/python3 /root/main.py
2024-03-05 02:17:36.140 [info] Discover tests for workspace name: root - uri: /root/main.py
2024-03-05 02:17:36.358 [info] Send text to terminal: /usr/bin/python3 /root/main.py
2024-03-05 02:17:45.254 [info] Discover tests for workspace name: root - uri: /root/main.py
2024-03-05 02:17:47.071 [info] Discover tests for workspace name: root - uri: /root/main.py
2024-03-05 02:17:50.887 [info] Send text to terminal: /usr/bin/python3 /root/main.py
2024-03-05 02:18:02.299 [info] Discover tests for workspace name: root - uri: /root/main.py
2024-03-05 02:19:23.954 [info] Discover tests for workspace name: root - uri: /root/main.py
2024-03-05 02:19:25.572 [info] Discover tests for workspace name: root - uri: /root/main.py
2024-03-05 02:19:59.934 [info] Discover tests for workspace name: root - uri: /root/main.py
2024-03-05 02:20:09.047 [info] Discover tests for workspace name: root - uri: /root/main.py
2024-03-05 02:20:41.455 [info] Discover tests for workspace name: root - uri: /root/main.py
2024-03-05 02:20:43.970 [info] Discover tests for workspace name: root - uri: /root/main.py
2024-03-05 02:20:46.208 [info] Discover tests for workspace name: root - uri: /root/main.py
2024-03-05 02:20:53.505 [info] Discover tests for workspace name: root - uri: /root/main.py
2024-03-05 02:20:56.375 [info] Discover tests for workspace name: root - uri: /root/main.py
2024-03-05 02:20:57.499 [info] Discover tests for workspace name: root - uri: /root/main.py
2024-03-05 02:20:58.867 [info] Discover tests for workspace name: root - uri: /root/main.py
2024-03-05 02:21:00.226 [info] Discover tests for workspace name: root - uri: /root/main.py
2024-03-05 02:21:01.431 [info] Discover tests for workspace name: root - uri: /root/main.py
2024-03-05 02:21:04.021 [info] Discover tests for workspace name: root - uri: /root/main.py
2024-03-05 02:21:06.391 [info] Discover tests for workspace name: root - uri: /root/main.py
2024-03-05 02:21:09.258 [info] Send text to terminal: /usr/bin/python3 /root/main.py
2024-03-05 02:22:17.366 [info] Discover tests for workspace name: root - uri: /root/main.py
2024-03-05 02:22:20.947 [info] Send text to terminal: /usr/bin/python3 /root/main.py
2024-03-05 02:23:46.244 [info] Discover tests for workspace name: root - uri: /root/main.py
2024-03-05 02:23:46.848 [info] Send text to terminal: /usr/bin/python3 /root/main.py
2024-03-05 02:24:13.114 [info] Discover tests for workspace name: root - uri: /root/main.py
2024-03-05 02:24:13.262 [info] Send text to terminal: /usr/bin/python3 /root/main.py
2024-03-05 02:24:21.537 [info] Send text to terminal: /usr/bin/python3 /root/main.py
2024-03-05 02:24:45.809 [info] Discover tests for workspace name: root - uri: /root/main.py
2024-03-05 02:24:47.883 [info] Discover tests for workspace name: root - uri: /root/main.py
2024-03-05 02:27:07.609 [info] Discover tests for workspace name: root - uri: /root/main.py
2024-03-05 02:28:45.812 [info] Discover tests for workspace name: root - uri: /root/main.py
2024-03-05 02:28:48.293 [info] Discover tests for workspace name: root - uri: /root/main.py
2024-03-05 02:29:11.993 [info] Discover tests for workspace name: root - uri: /root/main.py
2024-03-05 02:29:13.596 [info] Discover tests for workspace name: root - uri: /root/main.py
2024-03-05 02:29:20.581 [info] Discover tests for workspace name: root - uri: /root/main.py
2024-03-05 02:29:21.581 [info] Discover tests for workspace name: root - uri: /root/main.py
2024-03-05 02:29:26.761 [info] Discover tests for workspace name: root - uri: /root/main.py
2024-03-05 02:29:29.700 [info] Discover tests for workspace name: root - uri: /root/main.py
2024-03-05 02:29:46.665 [info] Discover tests for workspace name: root - uri: /root/main.py
2024-03-05 02:29:48.272 [info] Discover tests for workspace name: root - uri: /root/main.py
2024-03-05 02:29:53.464 [info] Discover tests for workspace name: root - uri: /root/main.py
2024-03-05 02:29:59.661 [info] Discover tests for workspace name: root - uri: /root/main.py
2024-03-05 02:30:02.123 [info] Discover tests for workspace name: root - uri: /root/main.py
2024-03-05 02:30:03.127 [info] Discover tests for workspace name: root - uri: /root/main.py
2024-03-05 02:30:06.330 [info] Discover tests for workspace name: root - uri: /root/main.py
2024-03-05 02:30:08.087 [info] Discover tests for workspace name: root - uri: /root/main.py
2024-03-05 02:30:10.721 [info] Discover tests for workspace name: root - uri: /root/main.py
2024-03-05 02:30:12.801 [info] Discover tests for workspace name: root - uri: /root/main.py
2024-03-05 02:33:23.866 [info] Discover tests for workspace name: root - uri: /root/main.py
