2024-03-15 15:45:00.716 [info] Log level: Info
2024-03-15 15:45:00.716 [info] Validating found git in: "git"
2024-03-15 15:45:00.716 [info] Using git "2.39.2" from "git"
2024-03-15 15:45:00.716 [info] > git rev-parse --show-toplevel [145ms]
2024-03-15 15:45:00.716 [info] > git rev-parse --git-dir --git-common-dir [10ms]
2024-03-15 15:45:00.716 [info] Open repository: /root
2024-03-15 15:45:00.797 [info] > git rev-parse --show-toplevel [19ms]
2024-03-15 15:45:00.802 [info] > git config --get commit.template [62ms]
2024-03-15 15:45:00.861 [info] > git rev-parse --show-toplevel [38ms]
2024-03-15 15:45:01.016 [info] > git for-each-ref --format=%(refname)%00%(upstream:short)%00%(objectname)%00%(upstream:track)%00%(upstream:remotename)%00%(upstream:remoteref) refs/heads/main refs/remotes/main [162ms]
2024-03-15 15:45:01.037 [info] > git rev-parse --show-toplevel [7ms]
2024-03-15 15:45:01.209 [info] > git rev-parse --show-toplevel [158ms]
2024-03-15 15:45:01.483 [info] > git status -z -uall [295ms]
2024-03-15 15:45:01.483 [info] > git show --textconv :main.py [194ms]
2024-03-15 15:45:01.483 [info] > git check-ignore -v -z --stdin [32ms]
2024-03-15 15:45:01.485 [info] > git ls-files --stage -- /root/main.py [175ms]
2024-03-15 15:45:01.602 [info] > git fetch [915ms]
2024-03-15 15:45:01.636 [info] > git cat-file -s 6cd458c9e9d1d6b529d6b06aebca6782558f001a [143ms]
2024-03-15 15:45:02.918 [info] > git config --get commit.template [1283ms]
2024-03-15 15:45:02.918 [info] > git config --get commit.template [1298ms]
2024-03-15 15:45:03.341 [info] > git for-each-ref --format=%(refname)%00%(upstream:short)%00%(objectname)%00%(upstream:track)%00%(upstream:remotename)%00%(upstream:remoteref) refs/heads/main refs/remotes/main [396ms]
2024-03-15 15:45:03.424 [info] > git for-each-ref --format=%(refname)%00%(upstream:short)%00%(objectname)%00%(upstream:track)%00%(upstream:remotename)%00%(upstream:remoteref) refs/heads/main refs/remotes/main [465ms]
2024-03-15 15:45:03.702 [info] > git status -z -uall [226ms]
2024-03-15 15:45:17.655 [info] > git check-ignore -v -z --stdin [10ms]
2024-03-15 15:45:19.959 [info] > git show --textconv :main.py [21ms]
2024-03-15 15:45:19.967 [info] > git ls-files --stage -- /root/main.py [12ms]
2024-03-15 15:45:19.990 [info] > git cat-file -s 6cd458c9e9d1d6b529d6b06aebca6782558f001a [4ms]
2024-03-15 15:45:20.648 [info] > git config --get commit.template [18ms]
2024-03-15 15:45:20.651 [info] > git for-each-ref --format=%(refname)%00%(upstream:short)%00%(objectname)%00%(upstream:track)%00%(upstream:remotename)%00%(upstream:remoteref) refs/heads/main refs/remotes/main [6ms]
2024-03-15 15:45:20.851 [info] > git status -z -uall [184ms]
2024-03-15 15:45:25.986 [info] > git config --get commit.template [14ms]
2024-03-15 15:45:25.989 [info] > git for-each-ref --format=%(refname)%00%(upstream:short)%00%(objectname)%00%(upstream:track)%00%(upstream:remotename)%00%(upstream:remoteref) refs/heads/main refs/remotes/main [5ms]
2024-03-15 15:45:26.241 [info] > git status -z -uall [241ms]
2024-03-15 15:45:35.715 [info] > git config --get commit.template [13ms]
2024-03-15 15:45:35.717 [info] > git for-each-ref --format=%(refname)%00%(upstream:short)%00%(objectname)%00%(upstream:track)%00%(upstream:remotename)%00%(upstream:remoteref) refs/heads/main refs/remotes/main [3ms]
2024-03-15 15:45:35.915 [info] > git status -z -uall [186ms]
2024-03-15 15:45:42.580 [info] > git config --get commit.template [3ms]
2024-03-15 15:45:42.595 [info] > git for-each-ref --format=%(refname)%00%(upstream:short)%00%(objectname)%00%(upstream:track)%00%(upstream:remotename)%00%(upstream:remoteref) refs/heads/main refs/remotes/main [4ms]
2024-03-15 15:45:42.797 [info] > git status -z -uall [189ms]
2024-03-15 15:45:49.492 [info] > git config --get commit.template [15ms]
2024-03-15 15:45:49.495 [info] > git for-each-ref --format=%(refname)%00%(upstream:short)%00%(objectname)%00%(upstream:track)%00%(upstream:remotename)%00%(upstream:remoteref) refs/heads/main refs/remotes/main [5ms]
2024-03-15 15:45:49.710 [info] > git status -z -uall [201ms]
2024-03-15 15:45:54.897 [info] > git config --get commit.template [17ms]
2024-03-15 15:45:54.899 [info] > git for-each-ref --format=%(refname)%00%(upstream:short)%00%(objectname)%00%(upstream:track)%00%(upstream:remotename)%00%(upstream:remoteref) refs/heads/main refs/remotes/main [4ms]
2024-03-15 15:45:55.111 [info] > git status -z -uall [198ms]
2024-03-15 15:46:01.566 [info] > git config --get commit.template [3ms]
2024-03-15 15:46:01.594 [info] > git for-each-ref --format=%(refname)%00%(upstream:short)%00%(objectname)%00%(upstream:track)%00%(upstream:remotename)%00%(upstream:remoteref) refs/heads/main refs/remotes/main [6ms]
2024-03-15 15:46:02.134 [info] > git status -z -uall [520ms]
2024-03-15 15:46:39.655 [info] > git config --get commit.template [4ms]
2024-03-15 15:46:39.700 [info] > git for-each-ref --format=%(refname)%00%(upstream:short)%00%(objectname)%00%(upstream:track)%00%(upstream:remotename)%00%(upstream:remoteref) refs/heads/main refs/remotes/main [26ms]
2024-03-15 15:46:40.059 [info] > git status -z -uall [327ms]
2024-03-15 15:46:45.271 [info] > git config --get commit.template [14ms]
2024-03-15 15:46:45.271 [info] > git for-each-ref --format=%(refname)%00%(upstream:short)%00%(objectname)%00%(upstream:track)%00%(upstream:remotename)%00%(upstream:remoteref) refs/heads/main refs/remotes/main [2ms]
2024-03-15 15:46:45.492 [info] > git status -z -uall [204ms]
2024-03-15 15:46:50.723 [info] > git config --get commit.template [15ms]
2024-03-15 15:46:50.725 [info] > git for-each-ref --format=%(refname)%00%(upstream:short)%00%(objectname)%00%(upstream:track)%00%(upstream:remotename)%00%(upstream:remoteref) refs/heads/main refs/remotes/main [4ms]
2024-03-15 15:46:50.933 [info] > git status -z -uall [192ms]
2024-03-15 15:46:56.175 [info] > git config --get commit.template [14ms]
2024-03-15 15:46:56.177 [info] > git for-each-ref --format=%(refname)%00%(upstream:short)%00%(objectname)%00%(upstream:track)%00%(upstream:remotename)%00%(upstream:remoteref) refs/heads/main refs/remotes/main [3ms]
2024-03-15 15:46:56.354 [info] > git status -z -uall [164ms]
2024-03-15 15:47:01.537 [info] > git config --get commit.template [15ms]
2024-03-15 15:47:01.538 [info] > git for-each-ref --format=%(refname)%00%(upstream:short)%00%(objectname)%00%(upstream:track)%00%(upstream:remotename)%00%(upstream:remoteref) refs/heads/main refs/remotes/main [2ms]
2024-03-15 15:47:01.720 [info] > git status -z -uall [167ms]
2024-03-15 15:47:06.895 [info] > git config --get commit.template [16ms]
2024-03-15 15:47:06.897 [info] > git for-each-ref --format=%(refname)%00%(upstream:short)%00%(objectname)%00%(upstream:track)%00%(upstream:remotename)%00%(upstream:remoteref) refs/heads/main refs/remotes/main [3ms]
2024-03-15 15:47:07.075 [info] > git status -z -uall [162ms]
2024-03-15 15:47:12.286 [info] > git config --get commit.template [17ms]
2024-03-15 15:47:12.288 [info] > git for-each-ref --format=%(refname)%00%(upstream:short)%00%(objectname)%00%(upstream:track)%00%(upstream:remotename)%00%(upstream:remoteref) refs/heads/main refs/remotes/main [2ms]
2024-03-15 15:47:12.468 [info] > git status -z -uall [163ms]
2024-03-15 15:47:17.650 [info] > git config --get commit.template [15ms]
2024-03-15 15:47:17.652 [info] > git for-each-ref --format=%(refname)%00%(upstream:short)%00%(objectname)%00%(upstream:track)%00%(upstream:remotename)%00%(upstream:remoteref) refs/heads/main refs/remotes/main [3ms]
2024-03-15 15:47:17.902 [info] > git status -z -uall [236ms]
2024-03-15 15:47:23.140 [info] > git config --get commit.template [18ms]
2024-03-15 15:47:23.142 [info] > git for-each-ref --format=%(refname)%00%(upstream:short)%00%(objectname)%00%(upstream:track)%00%(upstream:remotename)%00%(upstream:remoteref) refs/heads/main refs/remotes/main [3ms]
2024-03-15 15:47:23.347 [info] > git status -z -uall [189ms]
2024-03-15 15:47:28.532 [info] > git config --get commit.template [14ms]
2024-03-15 15:47:28.533 [info] > git for-each-ref --format=%(refname)%00%(upstream:short)%00%(objectname)%00%(upstream:track)%00%(upstream:remotename)%00%(upstream:remoteref) refs/heads/main refs/remotes/main [2ms]
2024-03-15 15:47:28.714 [info] > git status -z -uall [167ms]
2024-03-15 15:47:33.898 [info] > git config --get commit.template [19ms]
2024-03-15 15:47:33.899 [info] > git for-each-ref --format=%(refname)%00%(upstream:short)%00%(objectname)%00%(upstream:track)%00%(upstream:remotename)%00%(upstream:remoteref) refs/heads/main refs/remotes/main [3ms]
2024-03-15 15:47:34.076 [info] > git status -z -uall [163ms]
2024-03-15 15:47:39.253 [info] > git config --get commit.template [15ms]
2024-03-15 15:47:39.255 [info] > git for-each-ref --format=%(refname)%00%(upstream:short)%00%(objectname)%00%(upstream:track)%00%(upstream:remotename)%00%(upstream:remoteref) refs/heads/main refs/remotes/main [2ms]
2024-03-15 15:47:39.432 [info] > git status -z -uall [162ms]
2024-03-15 15:47:44.606 [info] > git config --get commit.template [15ms]
2024-03-15 15:47:44.608 [info] > git for-each-ref --format=%(refname)%00%(upstream:short)%00%(objectname)%00%(upstream:track)%00%(upstream:remotename)%00%(upstream:remoteref) refs/heads/main refs/remotes/main [3ms]
2024-03-15 15:47:44.780 [info] > git status -z -uall [158ms]
2024-03-15 15:47:49.958 [info] > git config --get commit.template [17ms]
2024-03-15 15:47:49.961 [info] > git for-each-ref --format=%(refname)%00%(upstream:short)%00%(objectname)%00%(upstream:track)%00%(upstream:remotename)%00%(upstream:remoteref) refs/heads/main refs/remotes/main [4ms]
2024-03-15 15:47:50.154 [info] > git status -z -uall [175ms]
2024-03-15 15:47:55.326 [info] > git config --get commit.template [14ms]
2024-03-15 15:47:55.328 [info] > git for-each-ref --format=%(refname)%00%(upstream:short)%00%(objectname)%00%(upstream:track)%00%(upstream:remotename)%00%(upstream:remoteref) refs/heads/main refs/remotes/main [2ms]
2024-03-15 15:47:55.506 [info] > git status -z -uall [165ms]
2024-03-15 15:48:00.696 [info] > git config --get commit.template [15ms]
2024-03-15 15:48:00.698 [info] > git for-each-ref --format=%(refname)%00%(upstream:short)%00%(objectname)%00%(upstream:track)%00%(upstream:remotename)%00%(upstream:remoteref) refs/heads/main refs/remotes/main [3ms]
2024-03-15 15:48:00.886 [info] > git status -z -uall [173ms]
2024-03-15 15:48:04.047 [info] > git fetch [277ms]
2024-03-15 15:48:04.085 [info] > git config --get commit.template [18ms]
2024-03-15 15:48:04.089 [info] > git for-each-ref --format=%(refname)%00%(upstream:short)%00%(objectname)%00%(upstream:track)%00%(upstream:remotename)%00%(upstream:remoteref) refs/heads/main refs/remotes/main [4ms]
2024-03-15 15:48:04.286 [info] > git status -z -uall [179ms]
2024-03-15 15:48:05.618 [info] > git ls-files --stage -- /root/main.py [14ms]
2024-03-15 15:48:05.637 [info] > git cat-file -s 6cd458c9e9d1d6b529d6b06aebca6782558f001a [4ms]
2024-03-15 15:48:05.667 [info] > git show --textconv :main.py [8ms]
2024-03-15 15:48:06.061 [info] > git config --get commit.template [17ms]
2024-03-15 15:48:06.062 [info] > git for-each-ref --format=%(refname)%00%(upstream:short)%00%(objectname)%00%(upstream:track)%00%(upstream:remotename)%00%(upstream:remoteref) refs/heads/main refs/remotes/main [2ms]
2024-03-15 15:48:06.249 [info] > git status -z -uall [171ms]
2024-03-15 15:48:11.481 [info] > git config --get commit.template [19ms]
2024-03-15 15:48:11.483 [info] > git for-each-ref --format=%(refname)%00%(upstream:short)%00%(objectname)%00%(upstream:track)%00%(upstream:remotename)%00%(upstream:remoteref) refs/heads/main refs/remotes/main [5ms]
2024-03-15 15:48:11.694 [info] > git status -z -uall [192ms]
2024-03-15 15:48:16.895 [info] > git config --get commit.template [20ms]
2024-03-15 15:48:16.898 [info] > git for-each-ref --format=%(refname)%00%(upstream:short)%00%(objectname)%00%(upstream:track)%00%(upstream:remotename)%00%(upstream:remoteref) refs/heads/main refs/remotes/main [4ms]
2024-03-15 15:48:17.100 [info] > git status -z -uall [183ms]
2024-03-15 15:48:22.300 [info] > git config --get commit.template [15ms]
2024-03-15 15:48:22.302 [info] > git for-each-ref --format=%(refname)%00%(upstream:short)%00%(objectname)%00%(upstream:track)%00%(upstream:remotename)%00%(upstream:remoteref) refs/heads/main refs/remotes/main [3ms]
2024-03-15 15:48:22.479 [info] > git status -z -uall [161ms]
2024-03-15 15:49:22.072 [info] > git config --get commit.template [4ms]
2024-03-15 15:49:22.103 [info] > git for-each-ref --format=%(refname)%00%(upstream:short)%00%(objectname)%00%(upstream:track)%00%(upstream:remotename)%00%(upstream:remoteref) refs/heads/main refs/remotes/main [8ms]
2024-03-15 15:49:23.278 [info] > git status -z -uall [1152ms]
2024-03-15 15:49:28.498 [info] > git config --get commit.template [13ms]
2024-03-15 15:49:28.500 [info] > git for-each-ref --format=%(refname)%00%(upstream:short)%00%(objectname)%00%(upstream:track)%00%(upstream:remotename)%00%(upstream:remoteref) refs/heads/main refs/remotes/main [4ms]
2024-03-15 15:49:28.704 [info] > git status -z -uall [184ms]
2024-03-15 15:49:33.877 [info] > git config --get commit.template [14ms]
2024-03-15 15:49:33.880 [info] > git for-each-ref --format=%(refname)%00%(upstream:short)%00%(objectname)%00%(upstream:track)%00%(upstream:remotename)%00%(upstream:remoteref) refs/heads/main refs/remotes/main [4ms]
2024-03-15 15:49:34.106 [info] > git status -z -uall [212ms]
2024-03-15 15:49:39.283 [info] > git config --get commit.template [15ms]
2024-03-15 15:49:39.285 [info] > git for-each-ref --format=%(refname)%00%(upstream:short)%00%(objectname)%00%(upstream:track)%00%(upstream:remotename)%00%(upstream:remoteref) refs/heads/main refs/remotes/main [3ms]
2024-03-15 15:49:39.470 [info] > git status -z -uall [169ms]
2024-03-15 15:49:44.654 [info] > git config --get commit.template [18ms]
2024-03-15 15:49:44.659 [info] > git for-each-ref --format=%(refname)%00%(upstream:short)%00%(objectname)%00%(upstream:track)%00%(upstream:remotename)%00%(upstream:remoteref) refs/heads/main refs/remotes/main [5ms]
2024-03-15 15:49:44.858 [info] > git status -z -uall [184ms]
2024-03-15 15:51:02.992 [info] > git config --get commit.template [40ms]
2024-03-15 15:51:03.110 [info] > git for-each-ref --format=%(refname)%00%(upstream:short)%00%(objectname)%00%(upstream:track)%00%(upstream:remotename)%00%(upstream:remoteref) refs/heads/main refs/remotes/main [137ms]
2024-03-15 15:51:03.723 [info] > git status -z -uall [484ms]
2024-03-15 15:51:05.609 [info] > git fetch [253ms]
2024-03-15 15:51:05.638 [info] > git config --get commit.template [13ms]
2024-03-15 15:51:05.640 [info] > git for-each-ref --format=%(refname)%00%(upstream:short)%00%(objectname)%00%(upstream:track)%00%(upstream:remotename)%00%(upstream:remoteref) refs/heads/main refs/remotes/main [3ms]
2024-03-15 15:51:05.817 [info] > git status -z -uall [164ms]
2024-03-15 15:51:07.186 [info] > git ls-files --stage -- /root/main.py [14ms]
2024-03-15 15:51:07.210 [info] > git cat-file -s 6cd458c9e9d1d6b529d6b06aebca6782558f001a [3ms]
2024-03-15 15:51:07.313 [info] > git show --textconv :main.py [47ms]
2024-03-15 15:51:08.940 [info] > git config --get commit.template [14ms]
2024-03-15 15:51:08.942 [info] > git for-each-ref --format=%(refname)%00%(upstream:short)%00%(objectname)%00%(upstream:track)%00%(upstream:remotename)%00%(upstream:remoteref) refs/heads/main refs/remotes/main [2ms]
2024-03-15 15:51:09.153 [info] > git status -z -uall [198ms]
2024-03-15 15:51:14.338 [info] > git config --get commit.template [14ms]
2024-03-15 15:51:14.340 [info] > git for-each-ref --format=%(refname)%00%(upstream:short)%00%(objectname)%00%(upstream:track)%00%(upstream:remotename)%00%(upstream:remoteref) refs/heads/main refs/remotes/main [3ms]
2024-03-15 15:51:14.521 [info] > git status -z -uall [163ms]
2024-03-15 15:51:19.697 [info] > git config --get commit.template [15ms]
2024-03-15 15:51:19.699 [info] > git for-each-ref --format=%(refname)%00%(upstream:short)%00%(objectname)%00%(upstream:track)%00%(upstream:remotename)%00%(upstream:remoteref) refs/heads/main refs/remotes/main [3ms]
2024-03-15 15:51:19.895 [info] > git status -z -uall [182ms]
2024-03-15 15:51:25.141 [info] > git config --get commit.template [25ms]
2024-03-15 15:51:25.144 [info] > git for-each-ref --format=%(refname)%00%(upstream:short)%00%(objectname)%00%(upstream:track)%00%(upstream:remotename)%00%(upstream:remoteref) refs/heads/main refs/remotes/main [5ms]
2024-03-15 15:51:25.676 [info] > git status -z -uall [509ms]
2024-03-15 15:52:34.769 [info] > git config --get commit.template [91ms]
2024-03-15 15:52:34.969 [info] > git for-each-ref --format=%(refname)%00%(upstream:short)%00%(objectname)%00%(upstream:track)%00%(upstream:remotename)%00%(upstream:remoteref) refs/heads/main refs/remotes/main [27ms]
2024-03-15 15:52:35.427 [info] > git status -z -uall [436ms]
2024-03-15 15:52:40.655 [info] > git config --get commit.template [19ms]
2024-03-15 15:52:40.657 [info] > git for-each-ref --format=%(refname)%00%(upstream:short)%00%(objectname)%00%(upstream:track)%00%(upstream:remotename)%00%(upstream:remoteref) refs/heads/main refs/remotes/main [3ms]
2024-03-15 15:52:41.095 [info] > git status -z -uall [419ms]
2024-03-15 15:52:46.300 [info] > git config --get commit.template [21ms]
2024-03-15 15:52:46.302 [info] > git for-each-ref --format=%(refname)%00%(upstream:short)%00%(objectname)%00%(upstream:track)%00%(upstream:remotename)%00%(upstream:remoteref) refs/heads/main refs/remotes/main [3ms]
2024-03-15 15:52:46.524 [info] > git status -z -uall [206ms]
2024-03-15 15:53:19.713 [info] > git config --get commit.template [9ms]
2024-03-15 15:53:19.755 [info] > git for-each-ref --format=%(refname)%00%(upstream:short)%00%(objectname)%00%(upstream:track)%00%(upstream:remotename)%00%(upstream:remoteref) refs/heads/main refs/remotes/main [9ms]
2024-03-15 15:53:20.157 [info] > git status -z -uall [367ms]
