2024-03-11 15:13:18.445 [info] Log level: Info
2024-03-11 15:13:18.445 [info] Validating found git in: "git"
2024-03-11 15:13:18.445 [info] Using git "2.39.2" from "git"
2024-03-11 15:13:18.445 [info] > git rev-parse --show-toplevel [206ms]
2024-03-11 15:13:18.445 [info] > git rev-parse --git-dir --git-common-dir [12ms]
2024-03-11 15:13:18.445 [info] Open repository: /root
2024-03-11 15:13:18.466 [info] > git rev-parse --show-toplevel [36ms]
2024-03-11 15:13:18.469 [info] > git config --get commit.template [54ms]
2024-03-11 15:13:18.618 [info] > git rev-parse --show-toplevel [124ms]
2024-03-11 15:13:18.635 [info] > git for-each-ref --format=%(refname)%00%(upstream:short)%00%(objectname)%00%(upstream:track)%00%(upstream:remotename)%00%(upstream:remoteref) refs/heads/main refs/remotes/main [126ms]
2024-03-11 15:13:18.644 [info] > git rev-parse --show-toplevel [11ms]
2024-03-11 15:13:18.750 [info] > git rev-parse --show-toplevel [95ms]
2024-03-11 15:13:18.940 [info] > git show --textconv :main.py [28ms]
2024-03-11 15:13:18.948 [info] > git ls-files --stage -- /root/main.py [24ms]
2024-03-11 15:13:18.965 [info] > git status -z -uall [222ms]
2024-03-11 15:13:19.072 [info] > git cat-file -s 6cd458c9e9d1d6b529d6b06aebca6782558f001a [113ms]
2024-03-11 15:13:19.116 [info] > git check-ignore -v -z --stdin [70ms]
2024-03-11 15:13:19.120 [info] > git config --get commit.template [58ms]
2024-03-11 15:13:19.727 [info] > git fetch [1339ms]
2024-03-11 15:13:20.109 [info] > git config --get commit.template [293ms]
2024-03-11 15:13:20.110 [info] > git for-each-ref --format=%(refname)%00%(upstream:short)%00%(objectname)%00%(upstream:track)%00%(upstream:remotename)%00%(upstream:remoteref) refs/heads/main refs/remotes/main [338ms]
2024-03-11 15:13:20.167 [info] > git for-each-ref --format=%(refname)%00%(upstream:short)%00%(objectname)%00%(upstream:track)%00%(upstream:remotename)%00%(upstream:remoteref) refs/heads/main refs/remotes/main [9ms]
2024-03-11 15:13:20.489 [info] > git status -z -uall [302ms]
2024-03-11 15:13:24.563 [info] > git config --get commit.template [53ms]
2024-03-11 15:13:24.578 [info] > git for-each-ref --format=%(refname)%00%(upstream:short)%00%(objectname)%00%(upstream:track)%00%(upstream:remotename)%00%(upstream:remoteref) refs/heads/main refs/remotes/main [17ms]
2024-03-11 15:13:24.933 [info] > git status -z -uall [311ms]
2024-03-11 15:18:29.714 [info] > git config --get commit.template [27ms]
2024-03-11 15:18:29.722 [info] > git for-each-ref --format=%(refname)%00%(upstream:short)%00%(objectname)%00%(upstream:track)%00%(upstream:remotename)%00%(upstream:remoteref) refs/heads/main refs/remotes/main [15ms]
2024-03-11 15:18:29.967 [info] > git status -z -uall [224ms]
2024-03-11 15:18:30.014 [info] > git fetch [353ms]
2024-03-11 15:18:30.053 [info] > git config --get commit.template [28ms]
2024-03-11 15:18:30.056 [info] > git for-each-ref --format=%(refname)%00%(upstream:short)%00%(objectname)%00%(upstream:track)%00%(upstream:remotename)%00%(upstream:remoteref) refs/heads/main refs/remotes/main [16ms]
2024-03-11 15:18:30.348 [info] > git status -z -uall [275ms]
2024-03-11 15:18:31.484 [info] > git ls-files --stage -- /root/main.py [28ms]
2024-03-11 15:18:31.495 [info] > git cat-file -s 6cd458c9e9d1d6b529d6b06aebca6782558f001a [2ms]
2024-03-11 15:18:31.523 [info] > git show --textconv :main.py [11ms]
2024-03-11 15:18:35.041 [info] > git config --get commit.template [13ms]
2024-03-11 15:18:35.043 [info] > git for-each-ref --format=%(refname)%00%(upstream:short)%00%(objectname)%00%(upstream:track)%00%(upstream:remotename)%00%(upstream:remoteref) refs/heads/main refs/remotes/main [3ms]
2024-03-11 15:18:35.194 [info] > git status -z -uall [136ms]
2024-03-11 15:18:40.252 [info] > git config --get commit.template [12ms]
2024-03-11 15:18:40.255 [info] > git for-each-ref --format=%(refname)%00%(upstream:short)%00%(objectname)%00%(upstream:track)%00%(upstream:remotename)%00%(upstream:remoteref) refs/heads/main refs/remotes/main [4ms]
2024-03-11 15:18:40.404 [info] > git status -z -uall [140ms]
2024-03-11 15:18:45.463 [info] > git config --get commit.template [10ms]
2024-03-11 15:18:45.466 [info] > git for-each-ref --format=%(refname)%00%(upstream:short)%00%(objectname)%00%(upstream:track)%00%(upstream:remotename)%00%(upstream:remoteref) refs/heads/main refs/remotes/main [4ms]
2024-03-11 15:18:45.599 [info] > git status -z -uall [123ms]
2024-03-11 15:18:50.654 [info] > git config --get commit.template [12ms]
2024-03-11 15:18:50.657 [info] > git for-each-ref --format=%(refname)%00%(upstream:short)%00%(objectname)%00%(upstream:track)%00%(upstream:remotename)%00%(upstream:remoteref) refs/heads/main refs/remotes/main [6ms]
2024-03-11 15:18:50.803 [info] > git status -z -uall [133ms]
2024-03-11 15:18:55.860 [info] > git config --get commit.template [11ms]
2024-03-11 15:18:55.862 [info] > git for-each-ref --format=%(refname)%00%(upstream:short)%00%(objectname)%00%(upstream:track)%00%(upstream:remotename)%00%(upstream:remoteref) refs/heads/main refs/remotes/main [3ms]
2024-03-11 15:18:55.996 [info] > git status -z -uall [120ms]
2024-03-11 15:19:01.044 [info] > git config --get commit.template [11ms]
2024-03-11 15:19:01.045 [info] > git for-each-ref --format=%(refname)%00%(upstream:short)%00%(objectname)%00%(upstream:track)%00%(upstream:remotename)%00%(upstream:remoteref) refs/heads/main refs/remotes/main [2ms]
2024-03-11 15:19:01.170 [info] > git status -z -uall [115ms]
2024-03-11 15:19:06.224 [info] > git config --get commit.template [10ms]
2024-03-11 15:19:06.226 [info] > git for-each-ref --format=%(refname)%00%(upstream:short)%00%(objectname)%00%(upstream:track)%00%(upstream:remotename)%00%(upstream:remoteref) refs/heads/main refs/remotes/main [2ms]
2024-03-11 15:19:06.360 [info] > git status -z -uall [123ms]
2024-03-11 15:19:11.416 [info] > git config --get commit.template [11ms]
2024-03-11 15:19:11.417 [info] > git for-each-ref --format=%(refname)%00%(upstream:short)%00%(objectname)%00%(upstream:track)%00%(upstream:remotename)%00%(upstream:remoteref) refs/heads/main refs/remotes/main [2ms]
2024-03-11 15:19:11.544 [info] > git status -z -uall [117ms]
2024-03-11 15:19:16.598 [info] > git config --get commit.template [12ms]
2024-03-11 15:19:16.599 [info] > git for-each-ref --format=%(refname)%00%(upstream:short)%00%(objectname)%00%(upstream:track)%00%(upstream:remotename)%00%(upstream:remoteref) refs/heads/main refs/remotes/main [3ms]
2024-03-11 15:19:16.732 [info] > git status -z -uall [123ms]
2024-03-11 15:19:21.808 [info] > git config --get commit.template [10ms]
2024-03-11 15:19:21.809 [info] > git for-each-ref --format=%(refname)%00%(upstream:short)%00%(objectname)%00%(upstream:track)%00%(upstream:remotename)%00%(upstream:remoteref) refs/heads/main refs/remotes/main [3ms]
2024-03-11 15:19:21.938 [info] > git status -z -uall [117ms]
2024-03-11 15:19:26.979 [info] > git config --get commit.template [1ms]
2024-03-11 15:19:26.991 [info] > git for-each-ref --format=%(refname)%00%(upstream:short)%00%(objectname)%00%(upstream:track)%00%(upstream:remotename)%00%(upstream:remoteref) refs/heads/main refs/remotes/main [3ms]
2024-03-11 15:19:27.119 [info] > git status -z -uall [118ms]
2024-03-11 15:19:32.170 [info] > git config --get commit.template [12ms]
2024-03-11 15:19:32.172 [info] > git for-each-ref --format=%(refname)%00%(upstream:short)%00%(objectname)%00%(upstream:track)%00%(upstream:remotename)%00%(upstream:remoteref) refs/heads/main refs/remotes/main [2ms]
2024-03-11 15:19:32.308 [info] > git status -z -uall [126ms]
2024-03-11 15:19:37.360 [info] > git config --get commit.template [12ms]
2024-03-11 15:19:37.361 [info] > git for-each-ref --format=%(refname)%00%(upstream:short)%00%(objectname)%00%(upstream:track)%00%(upstream:remotename)%00%(upstream:remoteref) refs/heads/main refs/remotes/main [3ms]
2024-03-11 15:19:37.505 [info] > git status -z -uall [133ms]
2024-03-11 15:19:42.562 [info] > git config --get commit.template [11ms]
2024-03-11 15:19:42.564 [info] > git for-each-ref --format=%(refname)%00%(upstream:short)%00%(objectname)%00%(upstream:track)%00%(upstream:remotename)%00%(upstream:remoteref) refs/heads/main refs/remotes/main [2ms]
2024-03-11 15:19:42.695 [info] > git status -z -uall [121ms]
2024-03-11 15:19:47.760 [info] > git config --get commit.template [16ms]
2024-03-11 15:19:47.760 [info] > git for-each-ref --format=%(refname)%00%(upstream:short)%00%(objectname)%00%(upstream:track)%00%(upstream:remotename)%00%(upstream:remoteref) refs/heads/main refs/remotes/main [4ms]
2024-03-11 15:19:47.923 [info] > git status -z -uall [148ms]
2024-03-11 15:19:52.974 [info] > git config --get commit.template [10ms]
2024-03-11 15:19:52.976 [info] > git for-each-ref --format=%(refname)%00%(upstream:short)%00%(objectname)%00%(upstream:track)%00%(upstream:remotename)%00%(upstream:remoteref) refs/heads/main refs/remotes/main [2ms]
2024-03-11 15:19:53.124 [info] > git status -z -uall [138ms]
2024-03-11 15:19:58.182 [info] > git config --get commit.template [10ms]
2024-03-11 15:19:58.183 [info] > git for-each-ref --format=%(refname)%00%(upstream:short)%00%(objectname)%00%(upstream:track)%00%(upstream:remotename)%00%(upstream:remoteref) refs/heads/main refs/remotes/main [3ms]
2024-03-11 15:19:58.335 [info] > git status -z -uall [142ms]
2024-03-11 15:20:03.387 [info] > git config --get commit.template [10ms]
2024-03-11 15:20:03.389 [info] > git for-each-ref --format=%(refname)%00%(upstream:short)%00%(objectname)%00%(upstream:track)%00%(upstream:remotename)%00%(upstream:remoteref) refs/heads/main refs/remotes/main [2ms]
2024-03-11 15:20:03.522 [info] > git status -z -uall [123ms]
2024-03-11 15:20:08.578 [info] > git config --get commit.template [10ms]
2024-03-11 15:20:08.580 [info] > git for-each-ref --format=%(refname)%00%(upstream:short)%00%(objectname)%00%(upstream:track)%00%(upstream:remotename)%00%(upstream:remoteref) refs/heads/main refs/remotes/main [2ms]
2024-03-11 15:20:08.712 [info] > git status -z -uall [123ms]
2024-03-11 15:20:13.766 [info] > git config --get commit.template [10ms]
2024-03-11 15:20:13.768 [info] > git for-each-ref --format=%(refname)%00%(upstream:short)%00%(objectname)%00%(upstream:track)%00%(upstream:remotename)%00%(upstream:remoteref) refs/heads/main refs/remotes/main [3ms]
2024-03-11 15:20:13.896 [info] > git status -z -uall [118ms]
2024-03-11 15:20:18.950 [info] > git config --get commit.template [10ms]
2024-03-11 15:20:18.952 [info] > git for-each-ref --format=%(refname)%00%(upstream:short)%00%(objectname)%00%(upstream:track)%00%(upstream:remotename)%00%(upstream:remoteref) refs/heads/main refs/remotes/main [2ms]
2024-03-11 15:20:19.080 [info] > git status -z -uall [118ms]
2024-03-11 15:20:24.132 [info] > git config --get commit.template [12ms]
2024-03-11 15:20:24.134 [info] > git for-each-ref --format=%(refname)%00%(upstream:short)%00%(objectname)%00%(upstream:track)%00%(upstream:remotename)%00%(upstream:remoteref) refs/heads/main refs/remotes/main [3ms]
2024-03-11 15:20:24.262 [info] > git status -z -uall [117ms]
2024-03-11 15:20:29.313 [info] > git config --get commit.template [10ms]
2024-03-11 15:20:29.314 [info] > git for-each-ref --format=%(refname)%00%(upstream:short)%00%(objectname)%00%(upstream:track)%00%(upstream:remotename)%00%(upstream:remoteref) refs/heads/main refs/remotes/main [2ms]
2024-03-11 15:20:29.488 [info] > git status -z -uall [164ms]
2024-03-11 15:21:54.161 [info] > git config --get commit.template [16ms]
2024-03-11 15:21:54.164 [info] > git for-each-ref --format=%(refname)%00%(upstream:short)%00%(objectname)%00%(upstream:track)%00%(upstream:remotename)%00%(upstream:remoteref) refs/heads/main refs/remotes/main [5ms]
2024-03-11 15:21:54.425 [info] > git status -z -uall [245ms]
2024-03-11 15:21:54.530 [info] > git fetch [411ms]
2024-03-11 15:21:55.077 [info] > git config --get commit.template [527ms]
2024-03-11 15:21:55.097 [info] > git for-each-ref --format=%(refname)%00%(upstream:short)%00%(objectname)%00%(upstream:track)%00%(upstream:remotename)%00%(upstream:remoteref) refs/heads/main refs/remotes/main [6ms]
2024-03-11 15:21:55.369 [info] > git status -z -uall [253ms]
2024-03-11 15:21:59.503 [info] > git config --get commit.template [17ms]
2024-03-11 15:21:59.504 [info] > git for-each-ref --format=%(refname)%00%(upstream:short)%00%(objectname)%00%(upstream:track)%00%(upstream:remotename)%00%(upstream:remoteref) refs/heads/main refs/remotes/main [3ms]
2024-03-11 15:21:59.841 [info] > git status -z -uall [320ms]
2024-03-11 15:22:01.375 [info] > git show --textconv :main.py [20ms]
2024-03-11 15:22:01.396 [info] > git ls-files --stage -- /root/main.py [24ms]
2024-03-11 15:22:01.411 [info] > git cat-file -s 6cd458c9e9d1d6b529d6b06aebca6782558f001a [3ms]
2024-03-11 15:22:37.446 [info] > git config --get commit.template [5ms]
2024-03-11 15:22:37.477 [info] > git for-each-ref --format=%(refname)%00%(upstream:short)%00%(objectname)%00%(upstream:track)%00%(upstream:remotename)%00%(upstream:remoteref) refs/heads/main refs/remotes/main [8ms]
2024-03-11 15:22:37.757 [info] > git status -z -uall [266ms]
2024-03-11 15:22:38.816 [info] > git check-ignore -v -z --stdin [21ms]
2024-03-11 15:22:42.873 [info] > git config --get commit.template [14ms]
2024-03-11 15:22:42.876 [info] > git for-each-ref --format=%(refname)%00%(upstream:short)%00%(objectname)%00%(upstream:track)%00%(upstream:remotename)%00%(upstream:remoteref) refs/heads/main refs/remotes/main [4ms]
2024-03-11 15:22:43.245 [info] > git status -z -uall [354ms]
2024-03-11 15:23:28.151 [info] > git config --get commit.template [23ms]
2024-03-11 15:23:28.154 [info] > git for-each-ref --format=%(refname)%00%(upstream:short)%00%(objectname)%00%(upstream:track)%00%(upstream:remotename)%00%(upstream:remoteref) refs/heads/main refs/remotes/main [7ms]
2024-03-11 15:23:28.354 [info] > git status -z -uall [188ms]
2024-03-11 15:23:33.457 [info] > git config --get commit.template [17ms]
2024-03-11 15:23:33.465 [info] > git for-each-ref --format=%(refname)%00%(upstream:short)%00%(objectname)%00%(upstream:track)%00%(upstream:remotename)%00%(upstream:remoteref) refs/heads/main refs/remotes/main [10ms]
2024-03-11 15:23:33.764 [info] > git status -z -uall [270ms]
2024-03-11 15:24:53.495 [info] > git config --get commit.template [14ms]
2024-03-11 15:24:53.501 [info] > git for-each-ref --format=%(refname)%00%(upstream:short)%00%(objectname)%00%(upstream:track)%00%(upstream:remotename)%00%(upstream:remoteref) refs/heads/main refs/remotes/main [6ms]
2024-03-11 15:24:53.787 [info] > git status -z -uall [273ms]
2024-03-11 15:24:55.790 [info] > git fetch [381ms]
2024-03-11 15:24:55.812 [info] > git config --get commit.template [11ms]
2024-03-11 15:24:55.814 [info] > git for-each-ref --format=%(refname)%00%(upstream:short)%00%(objectname)%00%(upstream:track)%00%(upstream:remotename)%00%(upstream:remoteref) refs/heads/main refs/remotes/main [3ms]
2024-03-11 15:24:56.049 [info] > git status -z -uall [221ms]
2024-03-11 15:24:58.483 [info] > git show --textconv :main.py [21ms]
2024-03-11 15:24:58.517 [info] > git ls-files --stage -- /root/main.py [41ms]
2024-03-11 15:24:58.537 [info] > git cat-file -s 6cd458c9e9d1d6b529d6b06aebca6782558f001a [7ms]
2024-03-11 15:24:58.865 [info] > git config --get commit.template [14ms]
2024-03-11 15:24:58.870 [info] > git for-each-ref --format=%(refname)%00%(upstream:short)%00%(objectname)%00%(upstream:track)%00%(upstream:remotename)%00%(upstream:remoteref) refs/heads/main refs/remotes/main [9ms]
2024-03-11 15:24:59.455 [info] > git status -z -uall [496ms]
2024-03-11 15:25:13.221 [info] > git config --get commit.template [6ms]
2024-03-11 15:25:13.247 [info] > git for-each-ref --format=%(refname)%00%(upstream:short)%00%(objectname)%00%(upstream:track)%00%(upstream:remotename)%00%(upstream:remoteref) refs/heads/main refs/remotes/main [14ms]
2024-03-11 15:25:13.538 [info] > git status -z -uall [279ms]
2024-03-11 15:25:18.678 [info] > git config --get commit.template [41ms]
2024-03-11 15:25:18.681 [info] > git for-each-ref --format=%(refname)%00%(upstream:short)%00%(objectname)%00%(upstream:track)%00%(upstream:remotename)%00%(upstream:remoteref) refs/heads/main refs/remotes/main [7ms]
2024-03-11 15:25:19.243 [info] > git status -z -uall [525ms]
2024-03-11 15:25:38.994 [info] > git config --get commit.template [37ms]
2024-03-11 15:25:39.006 [info] > git for-each-ref --format=%(refname)%00%(upstream:short)%00%(objectname)%00%(upstream:track)%00%(upstream:remotename)%00%(upstream:remoteref) refs/heads/main refs/remotes/main [29ms]
2024-03-11 15:25:40.007 [info] > git status -z -uall [948ms]
2024-03-11 15:25:45.193 [info] > git config --get commit.template [12ms]
2024-03-11 15:25:45.220 [info] > git for-each-ref --format=%(refname)%00%(upstream:short)%00%(objectname)%00%(upstream:track)%00%(upstream:remotename)%00%(upstream:remoteref) refs/heads/main refs/remotes/main [11ms]
2024-03-11 15:25:45.438 [info] > git status -z -uall [205ms]
2024-03-11 15:25:56.558 [info] > git config --get commit.template [4ms]
2024-03-11 15:25:56.585 [info] > git for-each-ref --format=%(refname)%00%(upstream:short)%00%(objectname)%00%(upstream:track)%00%(upstream:remotename)%00%(upstream:remoteref) refs/heads/main refs/remotes/main [13ms]
2024-03-11 15:25:56.847 [info] > git status -z -uall [250ms]
2024-03-11 15:26:02.007 [info] > git config --get commit.template [2ms]
2024-03-11 15:26:02.027 [info] > git for-each-ref --format=%(refname)%00%(upstream:short)%00%(objectname)%00%(upstream:track)%00%(upstream:remotename)%00%(upstream:remoteref) refs/heads/main refs/remotes/main [7ms]
2024-03-11 15:26:02.772 [info] > git status -z -uall [680ms]
2024-03-11 15:26:21.036 [info] > git config --get commit.template [17ms]
2024-03-11 15:26:21.067 [info] > git for-each-ref --format=%(refname)%00%(upstream:short)%00%(objectname)%00%(upstream:track)%00%(upstream:remotename)%00%(upstream:remoteref) refs/heads/main refs/remotes/main [7ms]
2024-03-11 15:26:21.423 [info] > git status -z -uall [290ms]
2024-03-11 15:34:43.656 [info] > git config --get commit.template [4ms]
2024-03-11 15:34:43.688 [info] > git for-each-ref --format=%(refname)%00%(upstream:short)%00%(objectname)%00%(upstream:track)%00%(upstream:remotename)%00%(upstream:remoteref) refs/heads/main refs/remotes/main [18ms]
2024-03-11 15:34:44.561 [info] > git status -z -uall [854ms]
2024-03-11 15:34:45.203 [info] > git fetch [1570ms]
2024-03-11 15:34:45.289 [info] > git config --get commit.template [16ms]
2024-03-11 15:34:45.330 [info] > git for-each-ref --format=%(refname)%00%(upstream:short)%00%(objectname)%00%(upstream:track)%00%(upstream:remotename)%00%(upstream:remoteref) refs/heads/main refs/remotes/main [42ms]
2024-03-11 15:34:45.571 [info] > git status -z -uall [203ms]
2024-03-11 15:34:46.337 [info] > git ls-files --stage -- /root/main.py [11ms]
2024-03-11 15:34:46.356 [info] > git cat-file -s 6cd458c9e9d1d6b529d6b06aebca6782558f001a [3ms]
2024-03-11 15:34:46.383 [info] > git show --textconv :main.py [8ms]
2024-03-11 15:34:49.811 [info] > git config --get commit.template [4ms]
2024-03-11 15:34:49.826 [info] > git for-each-ref --format=%(refname)%00%(upstream:short)%00%(objectname)%00%(upstream:track)%00%(upstream:remotename)%00%(upstream:remoteref) refs/heads/main refs/remotes/main [4ms]
2024-03-11 15:34:50.034 [info] > git status -z -uall [192ms]
2024-03-11 15:37:40.397 [info] > git config --get commit.template [6ms]
2024-03-11 15:37:40.411 [info] > git for-each-ref --format=%(refname)%00%(upstream:short)%00%(objectname)%00%(upstream:track)%00%(upstream:remotename)%00%(upstream:remoteref) refs/heads/main refs/remotes/main [4ms]
2024-03-11 15:37:40.592 [info] > git status -z -uall [170ms]
2024-03-11 15:37:53.363 [info] > git config --get commit.template [23ms]
2024-03-11 15:37:53.364 [info] > git for-each-ref --format=%(refname)%00%(upstream:short)%00%(objectname)%00%(upstream:track)%00%(upstream:remotename)%00%(upstream:remoteref) refs/heads/main refs/remotes/main [8ms]
2024-03-11 15:37:53.562 [info] > git status -z -uall [183ms]
2024-03-11 15:37:53.659 [info] > git fetch [354ms]
2024-03-11 15:37:53.922 [info] > git config --get commit.template [246ms]
2024-03-11 15:37:53.940 [info] > git for-each-ref --format=%(refname)%00%(upstream:short)%00%(objectname)%00%(upstream:track)%00%(upstream:remotename)%00%(upstream:remoteref) refs/heads/main refs/remotes/main [3ms]
2024-03-11 15:37:54.125 [info] > git status -z -uall [158ms]
2024-03-11 15:37:55.056 [info] > git ls-files --stage -- /root/main.py [12ms]
2024-03-11 15:37:55.068 [info] > git cat-file -s 6cd458c9e9d1d6b529d6b06aebca6782558f001a [3ms]
2024-03-11 15:37:55.126 [info] > git show --textconv :main.py [12ms]
2024-03-11 15:39:02.702 [info] > git config --get commit.template [20ms]
2024-03-11 15:39:02.706 [info] > git for-each-ref --format=%(refname)%00%(upstream:short)%00%(objectname)%00%(upstream:track)%00%(upstream:remotename)%00%(upstream:remoteref) refs/heads/main refs/remotes/main [9ms]
2024-03-11 15:39:03.193 [info] > git status -z -uall [470ms]
2024-03-11 15:39:08.268 [info] > git config --get commit.template [11ms]
2024-03-11 15:39:08.269 [info] > git for-each-ref --format=%(refname)%00%(upstream:short)%00%(objectname)%00%(upstream:track)%00%(upstream:remotename)%00%(upstream:remoteref) refs/heads/main refs/remotes/main [2ms]
2024-03-11 15:39:08.550 [info] > git status -z -uall [162ms]
2024-03-11 15:39:13.687 [info] > git config --get commit.template [79ms]
2024-03-11 15:39:13.689 [info] > git for-each-ref --format=%(refname)%00%(upstream:short)%00%(objectname)%00%(upstream:track)%00%(upstream:remotename)%00%(upstream:remoteref) refs/heads/main refs/remotes/main [3ms]
2024-03-11 15:39:13.863 [info] > git status -z -uall [160ms]
2024-03-11 15:39:18.924 [info] > git config --get commit.template [13ms]
2024-03-11 15:39:18.936 [info] > git for-each-ref --format=%(refname)%00%(upstream:short)%00%(objectname)%00%(upstream:track)%00%(upstream:remotename)%00%(upstream:remoteref) refs/heads/main refs/remotes/main [13ms]
2024-03-11 15:39:19.184 [info] > git status -z -uall [226ms]
2024-03-11 15:39:24.239 [info] > git config --get commit.template [12ms]
2024-03-11 15:39:24.240 [info] > git for-each-ref --format=%(refname)%00%(upstream:short)%00%(objectname)%00%(upstream:track)%00%(upstream:remotename)%00%(upstream:remoteref) refs/heads/main refs/remotes/main [3ms]
2024-03-11 15:39:24.389 [info] > git status -z -uall [137ms]
2024-03-11 15:39:29.446 [info] > git config --get commit.template [17ms]
2024-03-11 15:39:29.447 [info] > git for-each-ref --format=%(refname)%00%(upstream:short)%00%(objectname)%00%(upstream:track)%00%(upstream:remotename)%00%(upstream:remoteref) refs/heads/main refs/remotes/main [4ms]
2024-03-11 15:39:29.587 [info] > git status -z -uall [126ms]
2024-03-11 15:39:34.649 [info] > git config --get commit.template [13ms]
2024-03-11 15:39:34.651 [info] > git for-each-ref --format=%(refname)%00%(upstream:short)%00%(objectname)%00%(upstream:track)%00%(upstream:remotename)%00%(upstream:remoteref) refs/heads/main refs/remotes/main [2ms]
2024-03-11 15:39:34.791 [info] > git status -z -uall [130ms]
2024-03-11 15:39:40.404 [info] > git config --get commit.template [18ms]
2024-03-11 15:39:40.407 [info] > git for-each-ref --format=%(refname)%00%(upstream:short)%00%(objectname)%00%(upstream:track)%00%(upstream:remotename)%00%(upstream:remoteref) refs/heads/main refs/remotes/main [5ms]
2024-03-11 15:39:40.568 [info] > git status -z -uall [147ms]
2024-03-11 15:39:45.624 [info] > git config --get commit.template [14ms]
2024-03-11 15:39:45.625 [info] > git for-each-ref --format=%(refname)%00%(upstream:short)%00%(objectname)%00%(upstream:track)%00%(upstream:remotename)%00%(upstream:remoteref) refs/heads/main refs/remotes/main [3ms]
2024-03-11 15:39:45.800 [info] > git status -z -uall [163ms]
2024-03-11 15:39:46.292 [info] > git check-ignore -v -z --stdin [17ms]
2024-03-11 15:39:50.855 [info] > git config --get commit.template [4ms]
2024-03-11 15:39:50.872 [info] > git for-each-ref --format=%(refname)%00%(upstream:short)%00%(objectname)%00%(upstream:track)%00%(upstream:remotename)%00%(upstream:remoteref) refs/heads/main refs/remotes/main [4ms]
2024-03-11 15:39:51.042 [info] > git status -z -uall [159ms]
2024-03-11 15:39:56.168 [info] > git config --get commit.template [3ms]
2024-03-11 15:39:56.190 [info] > git for-each-ref --format=%(refname)%00%(upstream:short)%00%(objectname)%00%(upstream:track)%00%(upstream:remotename)%00%(upstream:remoteref) refs/heads/main refs/remotes/main [3ms]
2024-03-11 15:39:56.352 [info] > git status -z -uall [151ms]
2024-03-11 15:40:01.405 [info] > git config --get commit.template [10ms]
2024-03-11 15:40:01.407 [info] > git for-each-ref --format=%(refname)%00%(upstream:short)%00%(objectname)%00%(upstream:track)%00%(upstream:remotename)%00%(upstream:remoteref) refs/heads/main refs/remotes/main [4ms]
2024-03-11 15:40:01.576 [info] > git status -z -uall [132ms]
2024-03-11 15:40:06.633 [info] > git config --get commit.template [13ms]
2024-03-11 15:40:06.635 [info] > git for-each-ref --format=%(refname)%00%(upstream:short)%00%(objectname)%00%(upstream:track)%00%(upstream:remotename)%00%(upstream:remoteref) refs/heads/main refs/remotes/main [2ms]
2024-03-11 15:40:06.814 [info] > git status -z -uall [167ms]
2024-03-11 15:40:11.869 [info] > git config --get commit.template [12ms]
2024-03-11 15:40:11.870 [info] > git for-each-ref --format=%(refname)%00%(upstream:short)%00%(objectname)%00%(upstream:track)%00%(upstream:remotename)%00%(upstream:remoteref) refs/heads/main refs/remotes/main [3ms]
2024-03-11 15:40:12.010 [info] > git status -z -uall [128ms]
2024-03-11 15:40:22.563 [info] > git config --get commit.template [36ms]
2024-03-11 15:40:22.568 [info] > git for-each-ref --format=%(refname)%00%(upstream:short)%00%(objectname)%00%(upstream:track)%00%(upstream:remotename)%00%(upstream:remoteref) refs/heads/main refs/remotes/main [7ms]
2024-03-11 15:40:22.847 [info] > git status -z -uall [247ms]
2024-03-11 15:40:27.916 [info] > git config --get commit.template [11ms]
2024-03-11 15:40:27.918 [info] > git for-each-ref --format=%(refname)%00%(upstream:short)%00%(objectname)%00%(upstream:track)%00%(upstream:remotename)%00%(upstream:remoteref) refs/heads/main refs/remotes/main [3ms]
2024-03-11 15:40:28.072 [info] > git status -z -uall [144ms]
2024-03-11 15:40:33.127 [info] > git config --get commit.template [12ms]
2024-03-11 15:40:33.128 [info] > git for-each-ref --format=%(refname)%00%(upstream:short)%00%(objectname)%00%(upstream:track)%00%(upstream:remotename)%00%(upstream:remoteref) refs/heads/main refs/remotes/main [3ms]
2024-03-11 15:40:33.289 [info] > git status -z -uall [149ms]
2024-03-11 15:40:56.782 [info] > git config --get commit.template [8ms]
2024-03-11 15:40:56.800 [info] > git for-each-ref --format=%(refname)%00%(upstream:short)%00%(objectname)%00%(upstream:track)%00%(upstream:remotename)%00%(upstream:remoteref) refs/heads/main refs/remotes/main [3ms]
2024-03-11 15:40:57.153 [info] > git status -z -uall [336ms]
2024-03-11 15:40:57.208 [info] > git fetch [459ms]
2024-03-11 15:40:57.246 [info] > git config --get commit.template [22ms]
2024-03-11 15:40:57.247 [info] > git for-each-ref --format=%(refname)%00%(upstream:short)%00%(objectname)%00%(upstream:track)%00%(upstream:remotename)%00%(upstream:remoteref) refs/heads/main refs/remotes/main [9ms]
2024-03-11 15:40:57.592 [info] > git status -z -uall [334ms]
2024-03-11 15:41:22.234 [info] > git config --get commit.template [28ms]
2024-03-11 15:41:22.245 [info] > git for-each-ref --format=%(refname)%00%(upstream:short)%00%(objectname)%00%(upstream:track)%00%(upstream:remotename)%00%(upstream:remoteref) refs/heads/main refs/remotes/main [15ms]
2024-03-11 15:41:22.380 [info] > git ls-files --stage -- /root/main.py [30ms]
2024-03-11 15:41:22.398 [info] > git cat-file -s 6cd458c9e9d1d6b529d6b06aebca6782558f001a [3ms]
2024-03-11 15:41:22.604 [info] > git status -z -uall [307ms]
2024-03-11 15:41:22.669 [info] > git show --textconv :main.py [72ms]
2024-03-11 15:41:27.687 [info] > git config --get commit.template [3ms]
2024-03-11 15:41:27.699 [info] > git for-each-ref --format=%(refname)%00%(upstream:short)%00%(objectname)%00%(upstream:track)%00%(upstream:remotename)%00%(upstream:remoteref) refs/heads/main refs/remotes/main [2ms]
2024-03-11 15:41:27.848 [info] > git status -z -uall [139ms]
2024-03-11 15:41:32.905 [info] > git config --get commit.template [11ms]
2024-03-11 15:41:32.907 [info] > git for-each-ref --format=%(refname)%00%(upstream:short)%00%(objectname)%00%(upstream:track)%00%(upstream:remotename)%00%(upstream:remoteref) refs/heads/main refs/remotes/main [2ms]
2024-03-11 15:41:33.050 [info] > git status -z -uall [132ms]
2024-03-11 15:41:38.105 [info] > git config --get commit.template [11ms]
2024-03-11 15:41:38.110 [info] > git for-each-ref --format=%(refname)%00%(upstream:short)%00%(objectname)%00%(upstream:track)%00%(upstream:remotename)%00%(upstream:remoteref) refs/heads/main refs/remotes/main [5ms]
2024-03-11 15:41:38.276 [info] > git status -z -uall [155ms]
2024-03-11 15:42:17.193 [info] > git config --get commit.template [3ms]
2024-03-11 15:42:17.217 [info] > git for-each-ref --format=%(refname)%00%(upstream:short)%00%(objectname)%00%(upstream:track)%00%(upstream:remotename)%00%(upstream:remoteref) refs/heads/main refs/remotes/main [5ms]
2024-03-11 15:42:17.507 [info] > git status -z -uall [277ms]
2024-03-11 15:44:24.798 [info] > git config --get commit.template [18ms]
2024-03-11 15:44:24.803 [info] > git for-each-ref --format=%(refname)%00%(upstream:short)%00%(objectname)%00%(upstream:track)%00%(upstream:remotename)%00%(upstream:remoteref) refs/heads/main refs/remotes/main [6ms]
2024-03-11 15:44:25.002 [info] > git status -z -uall [180ms]
2024-03-11 15:44:25.388 [info] > git fetch [633ms]
2024-03-11 15:44:25.405 [info] > git config --get commit.template [2ms]
2024-03-11 15:44:25.418 [info] > git for-each-ref --format=%(refname)%00%(upstream:short)%00%(objectname)%00%(upstream:track)%00%(upstream:remotename)%00%(upstream:remoteref) refs/heads/main refs/remotes/main [3ms]
2024-03-11 15:44:25.575 [info] > git status -z -uall [148ms]
2024-03-11 15:44:26.598 [info] > git ls-files --stage -- /root/main.py [10ms]
2024-03-11 15:44:26.621 [info] > git cat-file -s 6cd458c9e9d1d6b529d6b06aebca6782558f001a [3ms]
2024-03-11 15:44:26.647 [info] > git show --textconv :main.py [8ms]
2024-03-11 15:44:30.058 [info] > git config --get commit.template [1ms]
2024-03-11 15:44:30.069 [info] > git for-each-ref --format=%(refname)%00%(upstream:short)%00%(objectname)%00%(upstream:track)%00%(upstream:remotename)%00%(upstream:remoteref) refs/heads/main refs/remotes/main [3ms]
2024-03-11 15:44:30.202 [info] > git status -z -uall [123ms]
2024-03-11 15:44:35.270 [info] > git config --get commit.template [23ms]
2024-03-11 15:44:35.272 [info] > git for-each-ref --format=%(refname)%00%(upstream:short)%00%(objectname)%00%(upstream:track)%00%(upstream:remotename)%00%(upstream:remoteref) refs/heads/main refs/remotes/main [4ms]
2024-03-11 15:44:35.409 [info] > git status -z -uall [124ms]
2024-03-11 15:44:40.474 [info] > git config --get commit.template [11ms]
2024-03-11 15:44:40.476 [info] > git for-each-ref --format=%(refname)%00%(upstream:short)%00%(objectname)%00%(upstream:track)%00%(upstream:remotename)%00%(upstream:remoteref) refs/heads/main refs/remotes/main [3ms]
2024-03-11 15:44:40.819 [info] > git status -z -uall [330ms]
2024-03-11 15:44:46.030 [info] > git config --get commit.template [17ms]
2024-03-11 15:44:46.032 [info] > git for-each-ref --format=%(refname)%00%(upstream:short)%00%(objectname)%00%(upstream:track)%00%(upstream:remotename)%00%(upstream:remoteref) refs/heads/main refs/remotes/main [4ms]
2024-03-11 15:44:46.190 [info] > git status -z -uall [131ms]
2024-03-11 15:44:51.299 [info] > git config --get commit.template [68ms]
2024-03-11 15:44:51.301 [info] > git for-each-ref --format=%(refname)%00%(upstream:short)%00%(objectname)%00%(upstream:track)%00%(upstream:remotename)%00%(upstream:remoteref) refs/heads/main refs/remotes/main [3ms]
2024-03-11 15:44:51.433 [info] > git status -z -uall [122ms]
2024-03-11 15:44:56.482 [info] > git config --get commit.template [3ms]
2024-03-11 15:44:56.494 [info] > git for-each-ref --format=%(refname)%00%(upstream:short)%00%(objectname)%00%(upstream:track)%00%(upstream:remotename)%00%(upstream:remoteref) refs/heads/main refs/remotes/main [3ms]
2024-03-11 15:44:56.696 [info] > git status -z -uall [182ms]
2024-03-11 15:45:01.755 [info] > git config --get commit.template [11ms]
2024-03-11 15:45:01.757 [info] > git for-each-ref --format=%(refname)%00%(upstream:short)%00%(objectname)%00%(upstream:track)%00%(upstream:remotename)%00%(upstream:remoteref) refs/heads/main refs/remotes/main [3ms]
2024-03-11 15:45:01.903 [info] > git status -z -uall [135ms]
2024-03-11 15:45:06.958 [info] > git config --get commit.template [14ms]
2024-03-11 15:45:06.960 [info] > git for-each-ref --format=%(refname)%00%(upstream:short)%00%(objectname)%00%(upstream:track)%00%(upstream:remotename)%00%(upstream:remoteref) refs/heads/main refs/remotes/main [3ms]
2024-03-11 15:45:07.102 [info] > git status -z -uall [130ms]
2024-03-11 15:45:12.162 [info] > git config --get commit.template [12ms]
2024-03-11 15:45:12.165 [info] > git for-each-ref --format=%(refname)%00%(upstream:short)%00%(objectname)%00%(upstream:track)%00%(upstream:remotename)%00%(upstream:remoteref) refs/heads/main refs/remotes/main [4ms]
2024-03-11 15:45:12.386 [info] > git status -z -uall [211ms]
2024-03-11 15:45:17.445 [info] > git config --get commit.template [11ms]
2024-03-11 15:45:17.446 [info] > git for-each-ref --format=%(refname)%00%(upstream:short)%00%(objectname)%00%(upstream:track)%00%(upstream:remotename)%00%(upstream:remoteref) refs/heads/main refs/remotes/main [2ms]
2024-03-11 15:45:17.602 [info] > git status -z -uall [145ms]
2024-03-11 15:45:22.658 [info] > git config --get commit.template [12ms]
2024-03-11 15:45:22.659 [info] > git for-each-ref --format=%(refname)%00%(upstream:short)%00%(objectname)%00%(upstream:track)%00%(upstream:remotename)%00%(upstream:remoteref) refs/heads/main refs/remotes/main [3ms]
2024-03-11 15:45:22.798 [info] > git status -z -uall [128ms]
2024-03-11 15:45:27.877 [info] > git config --get commit.template [20ms]
2024-03-11 15:45:27.879 [info] > git for-each-ref --format=%(refname)%00%(upstream:short)%00%(objectname)%00%(upstream:track)%00%(upstream:remotename)%00%(upstream:remoteref) refs/heads/main refs/remotes/main [4ms]
2024-03-11 15:45:28.067 [info] > git status -z -uall [172ms]
2024-03-11 15:45:33.128 [info] > git config --get commit.template [18ms]
2024-03-11 15:45:33.129 [info] > git for-each-ref --format=%(refname)%00%(upstream:short)%00%(objectname)%00%(upstream:track)%00%(upstream:remotename)%00%(upstream:remoteref) refs/heads/main refs/remotes/main [3ms]
2024-03-11 15:45:33.283 [info] > git status -z -uall [143ms]
2024-03-11 15:45:38.347 [info] > git config --get commit.template [15ms]
2024-03-11 15:45:38.350 [info] > git for-each-ref --format=%(refname)%00%(upstream:short)%00%(objectname)%00%(upstream:track)%00%(upstream:remotename)%00%(upstream:remoteref) refs/heads/main refs/remotes/main [4ms]
2024-03-11 15:45:38.509 [info] > git status -z -uall [145ms]
2024-03-11 15:45:43.565 [info] > git config --get commit.template [3ms]
2024-03-11 15:45:43.594 [info] > git for-each-ref --format=%(refname)%00%(upstream:short)%00%(objectname)%00%(upstream:track)%00%(upstream:remotename)%00%(upstream:remoteref) refs/heads/main refs/remotes/main [7ms]
2024-03-11 15:45:43.853 [info] > git status -z -uall [235ms]
2024-03-11 15:45:48.916 [info] > git config --get commit.template [16ms]
2024-03-11 15:45:48.917 [info] > git for-each-ref --format=%(refname)%00%(upstream:short)%00%(objectname)%00%(upstream:track)%00%(upstream:remotename)%00%(upstream:remoteref) refs/heads/main refs/remotes/main [3ms]
2024-03-11 15:45:49.062 [info] > git status -z -uall [134ms]
2024-03-11 15:46:20.827 [info] > git config --get commit.template [14ms]
2024-03-11 15:46:20.830 [info] > git for-each-ref --format=%(refname)%00%(upstream:short)%00%(objectname)%00%(upstream:track)%00%(upstream:remotename)%00%(upstream:remoteref) refs/heads/main refs/remotes/main [4ms]
2024-03-11 15:46:21.079 [info] > git status -z -uall [233ms]
2024-03-11 15:46:36.774 [info] > git config --get commit.template [16ms]
2024-03-11 15:46:36.910 [info] > git for-each-ref --format=%(refname)%00%(upstream:short)%00%(objectname)%00%(upstream:track)%00%(upstream:remotename)%00%(upstream:remoteref) refs/heads/main refs/remotes/main [55ms]
2024-03-11 15:46:37.266 [info] > git status -z -uall [324ms]
2024-03-11 15:50:46.343 [info] > git config --get commit.template [20ms]
2024-03-11 15:50:46.346 [info] > git for-each-ref --format=%(refname)%00%(upstream:short)%00%(objectname)%00%(upstream:track)%00%(upstream:remotename)%00%(upstream:remoteref) refs/heads/main refs/remotes/main [4ms]
2024-03-11 15:50:46.509 [info] > git status -z -uall [149ms]
2024-03-11 15:50:46.833 [info] > git fetch [535ms]
2024-03-11 15:50:46.856 [info] > git config --get commit.template [12ms]
2024-03-11 15:50:46.858 [info] > git for-each-ref --format=%(refname)%00%(upstream:short)%00%(objectname)%00%(upstream:track)%00%(upstream:remotename)%00%(upstream:remoteref) refs/heads/main refs/remotes/main [3ms]
2024-03-11 15:50:46.993 [info] > git status -z -uall [126ms]
2024-03-11 15:50:48.020 [info] > git ls-files --stage -- /root/main.py [55ms]
2024-03-11 15:50:48.041 [info] > git cat-file -s 6cd458c9e9d1d6b529d6b06aebca6782558f001a [3ms]
2024-03-11 15:50:48.075 [info] > git show --textconv :main.py [12ms]
2024-03-11 15:50:51.572 [info] > git config --get commit.template [13ms]
2024-03-11 15:50:51.573 [info] > git for-each-ref --format=%(refname)%00%(upstream:short)%00%(objectname)%00%(upstream:track)%00%(upstream:remotename)%00%(upstream:remoteref) refs/heads/main refs/remotes/main [3ms]
2024-03-11 15:50:51.739 [info] > git status -z -uall [155ms]
2024-03-11 15:50:56.786 [info] > git config --get commit.template [3ms]
2024-03-11 15:50:56.802 [info] > git for-each-ref --format=%(refname)%00%(upstream:short)%00%(objectname)%00%(upstream:track)%00%(upstream:remotename)%00%(upstream:remoteref) refs/heads/main refs/remotes/main [3ms]
2024-03-11 15:50:56.951 [info] > git status -z -uall [137ms]
2024-03-11 15:51:02.030 [info] > git config --get commit.template [11ms]
2024-03-11 15:51:02.038 [info] > git for-each-ref --format=%(refname)%00%(upstream:short)%00%(objectname)%00%(upstream:track)%00%(upstream:remotename)%00%(upstream:remoteref) refs/heads/main refs/remotes/main [9ms]
2024-03-11 15:51:02.205 [info] > git status -z -uall [157ms]
2024-03-11 15:51:07.263 [info] > git config --get commit.template [14ms]
2024-03-11 15:51:07.265 [info] > git for-each-ref --format=%(refname)%00%(upstream:short)%00%(objectname)%00%(upstream:track)%00%(upstream:remotename)%00%(upstream:remoteref) refs/heads/main refs/remotes/main [3ms]
2024-03-11 15:51:07.404 [info] > git status -z -uall [127ms]
2024-03-11 15:51:12.453 [info] > git config --get commit.template [13ms]
2024-03-11 15:51:12.455 [info] > git for-each-ref --format=%(refname)%00%(upstream:short)%00%(objectname)%00%(upstream:track)%00%(upstream:remotename)%00%(upstream:remoteref) refs/heads/main refs/remotes/main [3ms]
2024-03-11 15:51:12.600 [info] > git status -z -uall [135ms]
2024-03-11 15:52:05.864 [info] > git config --get commit.template [26ms]
2024-03-11 15:52:05.867 [info] > git for-each-ref --format=%(refname)%00%(upstream:short)%00%(objectname)%00%(upstream:track)%00%(upstream:remotename)%00%(upstream:remoteref) refs/heads/main refs/remotes/main [9ms]
2024-03-11 15:52:06.110 [info] > git status -z -uall [229ms]
2024-03-11 15:52:11.208 [info] > git config --get commit.template [13ms]
2024-03-11 15:52:11.210 [info] > git for-each-ref --format=%(refname)%00%(upstream:short)%00%(objectname)%00%(upstream:track)%00%(upstream:remotename)%00%(upstream:remoteref) refs/heads/main refs/remotes/main [2ms]
2024-03-11 15:52:11.363 [info] > git status -z -uall [141ms]
2024-03-11 15:52:16.421 [info] > git config --get commit.template [9ms]
2024-03-11 15:52:16.434 [info] > git for-each-ref --format=%(refname)%00%(upstream:short)%00%(objectname)%00%(upstream:track)%00%(upstream:remotename)%00%(upstream:remoteref) refs/heads/main refs/remotes/main [3ms]
2024-03-11 15:52:16.594 [info] > git status -z -uall [147ms]
2024-03-11 15:52:21.659 [info] > git config --get commit.template [12ms]
2024-03-11 15:52:21.660 [info] > git for-each-ref --format=%(refname)%00%(upstream:short)%00%(objectname)%00%(upstream:track)%00%(upstream:remotename)%00%(upstream:remoteref) refs/heads/main refs/remotes/main [3ms]
2024-03-11 15:52:21.816 [info] > git status -z -uall [143ms]
2024-03-11 15:52:26.876 [info] > git config --get commit.template [2ms]
2024-03-11 15:52:26.890 [info] > git for-each-ref --format=%(refname)%00%(upstream:short)%00%(objectname)%00%(upstream:track)%00%(upstream:remotename)%00%(upstream:remoteref) refs/heads/main refs/remotes/main [4ms]
2024-03-11 15:52:27.050 [info] > git status -z -uall [135ms]
2024-03-11 15:52:32.125 [info] > git config --get commit.template [22ms]
2024-03-11 15:52:32.128 [info] > git for-each-ref --format=%(refname)%00%(upstream:short)%00%(objectname)%00%(upstream:track)%00%(upstream:remotename)%00%(upstream:remoteref) refs/heads/main refs/remotes/main [6ms]
2024-03-11 15:52:32.347 [info] > git status -z -uall [201ms]
2024-03-11 15:52:37.409 [info] > git config --get commit.template [12ms]
2024-03-11 15:52:37.410 [info] > git for-each-ref --format=%(refname)%00%(upstream:short)%00%(objectname)%00%(upstream:track)%00%(upstream:remotename)%00%(upstream:remoteref) refs/heads/main refs/remotes/main [3ms]
2024-03-11 15:52:37.715 [info] > git status -z -uall [294ms]
2024-03-11 15:52:42.778 [info] > git config --get commit.template [12ms]
2024-03-11 15:52:42.781 [info] > git for-each-ref --format=%(refname)%00%(upstream:short)%00%(objectname)%00%(upstream:track)%00%(upstream:remotename)%00%(upstream:remoteref) refs/heads/main refs/remotes/main [3ms]
2024-03-11 15:52:42.929 [info] > git status -z -uall [137ms]
2024-03-11 15:52:47.991 [info] > git config --get commit.template [11ms]
2024-03-11 15:52:47.992 [info] > git for-each-ref --format=%(refname)%00%(upstream:short)%00%(objectname)%00%(upstream:track)%00%(upstream:remotename)%00%(upstream:remoteref) refs/heads/main refs/remotes/main [2ms]
2024-03-11 15:52:48.123 [info] > git status -z -uall [119ms]
2024-03-11 15:52:53.178 [info] > git config --get commit.template [11ms]
2024-03-11 15:52:53.180 [info] > git for-each-ref --format=%(refname)%00%(upstream:short)%00%(objectname)%00%(upstream:track)%00%(upstream:remotename)%00%(upstream:remoteref) refs/heads/main refs/remotes/main [2ms]
2024-03-11 15:52:53.361 [info] > git status -z -uall [170ms]
2024-03-11 15:52:58.416 [info] > git config --get commit.template [12ms]
2024-03-11 15:52:58.418 [info] > git for-each-ref --format=%(refname)%00%(upstream:short)%00%(objectname)%00%(upstream:track)%00%(upstream:remotename)%00%(upstream:remoteref) refs/heads/main refs/remotes/main [3ms]
2024-03-11 15:52:58.597 [info] > git status -z -uall [166ms]
2024-03-11 15:53:03.669 [info] > git config --get commit.template [22ms]
2024-03-11 15:53:03.671 [info] > git for-each-ref --format=%(refname)%00%(upstream:short)%00%(objectname)%00%(upstream:track)%00%(upstream:remotename)%00%(upstream:remoteref) refs/heads/main refs/remotes/main [6ms]
2024-03-11 15:53:04.226 [info] > git status -z -uall [539ms]
2024-03-11 15:53:09.328 [info] > git config --get commit.template [22ms]
2024-03-11 15:53:09.332 [info] > git for-each-ref --format=%(refname)%00%(upstream:short)%00%(objectname)%00%(upstream:track)%00%(upstream:remotename)%00%(upstream:remoteref) refs/heads/main refs/remotes/main [4ms]
2024-03-11 15:53:09.587 [info] > git status -z -uall [235ms]
2024-03-11 15:53:14.646 [info] > git config --get commit.template [11ms]
2024-03-11 15:53:14.647 [info] > git for-each-ref --format=%(refname)%00%(upstream:short)%00%(objectname)%00%(upstream:track)%00%(upstream:remotename)%00%(upstream:remoteref) refs/heads/main refs/remotes/main [2ms]
2024-03-11 15:53:14.787 [info] > git status -z -uall [129ms]
2024-03-11 15:53:19.866 [info] > git config --get commit.template [6ms]
2024-03-11 15:53:19.891 [info] > git for-each-ref --format=%(refname)%00%(upstream:short)%00%(objectname)%00%(upstream:track)%00%(upstream:remotename)%00%(upstream:remoteref) refs/heads/main refs/remotes/main [5ms]
2024-03-11 15:53:20.244 [info] > git status -z -uall [334ms]
2024-03-11 15:53:25.356 [info] > git config --get commit.template [20ms]
2024-03-11 15:53:25.363 [info] > git for-each-ref --format=%(refname)%00%(upstream:short)%00%(objectname)%00%(upstream:track)%00%(upstream:remotename)%00%(upstream:remoteref) refs/heads/main refs/remotes/main [9ms]
2024-03-11 15:53:25.559 [info] > git status -z -uall [180ms]
2024-03-11 15:53:30.627 [info] > git config --get commit.template [17ms]
2024-03-11 15:53:30.628 [info] > git for-each-ref --format=%(refname)%00%(upstream:short)%00%(objectname)%00%(upstream:track)%00%(upstream:remotename)%00%(upstream:remoteref) refs/heads/main refs/remotes/main [3ms]
2024-03-11 15:53:30.834 [info] > git status -z -uall [191ms]
2024-03-11 15:53:35.894 [info] > git config --get commit.template [12ms]
2024-03-11 15:53:35.896 [info] > git for-each-ref --format=%(refname)%00%(upstream:short)%00%(objectname)%00%(upstream:track)%00%(upstream:remotename)%00%(upstream:remoteref) refs/heads/main refs/remotes/main [4ms]
2024-03-11 15:53:36.040 [info] > git status -z -uall [132ms]
2024-03-11 15:53:41.099 [info] > git config --get commit.template [13ms]
2024-03-11 15:53:41.101 [info] > git for-each-ref --format=%(refname)%00%(upstream:short)%00%(objectname)%00%(upstream:track)%00%(upstream:remotename)%00%(upstream:remoteref) refs/heads/main refs/remotes/main [4ms]
2024-03-11 15:53:41.327 [info] > git status -z -uall [209ms]
2024-03-11 15:53:46.396 [info] > git config --get commit.template [12ms]
2024-03-11 15:53:46.398 [info] > git for-each-ref --format=%(refname)%00%(upstream:short)%00%(objectname)%00%(upstream:track)%00%(upstream:remotename)%00%(upstream:remoteref) refs/heads/main refs/remotes/main [3ms]
2024-03-11 15:53:46.559 [info] > git status -z -uall [148ms]
2024-03-11 15:53:47.381 [info] > git fetch [350ms]
2024-03-11 15:53:47.405 [info] > git config --get commit.template [12ms]
2024-03-11 15:53:47.406 [info] > git for-each-ref --format=%(refname)%00%(upstream:short)%00%(objectname)%00%(upstream:track)%00%(upstream:remotename)%00%(upstream:remoteref) refs/heads/main refs/remotes/main [2ms]
2024-03-11 15:53:47.545 [info] > git status -z -uall [128ms]
2024-03-11 15:53:48.724 [info] > git ls-files --stage -- /root/main.py [10ms]
2024-03-11 15:53:48.743 [info] > git cat-file -s 6cd458c9e9d1d6b529d6b06aebca6782558f001a [2ms]
2024-03-11 15:53:48.807 [info] > git show --textconv :main.py [10ms]
2024-03-11 15:53:51.612 [info] > git config --get commit.template [14ms]
2024-03-11 15:53:51.614 [info] > git for-each-ref --format=%(refname)%00%(upstream:short)%00%(objectname)%00%(upstream:track)%00%(upstream:remotename)%00%(upstream:remoteref) refs/heads/main refs/remotes/main [3ms]
2024-03-11 15:53:51.767 [info] > git status -z -uall [143ms]
2024-03-11 15:53:56.823 [info] > git config --get commit.template [12ms]
2024-03-11 15:53:56.825 [info] > git for-each-ref --format=%(refname)%00%(upstream:short)%00%(objectname)%00%(upstream:track)%00%(upstream:remotename)%00%(upstream:remoteref) refs/heads/main refs/remotes/main [3ms]
2024-03-11 15:53:56.976 [info] > git status -z -uall [140ms]
2024-03-11 15:54:02.039 [info] > git config --get commit.template [12ms]
2024-03-11 15:54:02.041 [info] > git for-each-ref --format=%(refname)%00%(upstream:short)%00%(objectname)%00%(upstream:track)%00%(upstream:remotename)%00%(upstream:remoteref) refs/heads/main refs/remotes/main [3ms]
2024-03-11 15:54:02.195 [info] > git status -z -uall [142ms]
2024-03-11 15:54:07.258 [info] > git config --get commit.template [12ms]
2024-03-11 15:54:07.260 [info] > git for-each-ref --format=%(refname)%00%(upstream:short)%00%(objectname)%00%(upstream:track)%00%(upstream:remotename)%00%(upstream:remoteref) refs/heads/main refs/remotes/main [3ms]
2024-03-11 15:54:07.397 [info] > git status -z -uall [126ms]
2024-03-11 15:54:12.454 [info] > git config --get commit.template [11ms]
2024-03-11 15:54:12.455 [info] > git for-each-ref --format=%(refname)%00%(upstream:short)%00%(objectname)%00%(upstream:track)%00%(upstream:remotename)%00%(upstream:remoteref) refs/heads/main refs/remotes/main [3ms]
2024-03-11 15:54:12.603 [info] > git status -z -uall [136ms]
