2024-04-01 15:33:48.393 [info] Log level: Info
2024-04-01 15:33:48.393 [info] Validating found git in: "git"
2024-04-01 15:33:48.393 [info] Using git "2.39.2" from "git"
2024-04-01 15:33:48.393 [info] > git rev-parse --show-toplevel [175ms]
2024-04-01 15:33:48.672 [info] > git rev-parse --git-dir --git-common-dir [263ms]
2024-04-01 15:33:48.714 [info] Open repository: /root
2024-04-01 15:33:48.797 [info] > git config --get commit.template [45ms]
2024-04-01 15:33:48.898 [info] > git rev-parse --show-toplevel [132ms]
2024-04-01 15:33:48.959 [info] > git rev-parse --show-toplevel [18ms]
2024-04-01 15:33:48.959 [info] > git for-each-ref --format=%(refname)%00%(upstream:short)%00%(objectname)%00%(upstream:track)%00%(upstream:remotename)%00%(upstream:remoteref) refs/heads/main refs/remotes/main [41ms]
2024-04-01 15:33:49.050 [info] > git rev-parse --show-toplevel [56ms]
2024-04-01 15:33:49.190 [info] > git rev-parse --show-toplevel [63ms]
2024-04-01 15:33:49.351 [info] > git show --textconv :main.py [36ms]
2024-04-01 15:33:49.366 [info] > git ls-files --stage -- /root/main.py [36ms]
2024-04-01 15:33:49.406 [info] > git check-ignore -v -z --stdin [57ms]
2024-04-01 15:33:49.408 [info] > git cat-file -s 6cd458c9e9d1d6b529d6b06aebca6782558f001a [28ms]
2024-04-01 15:33:49.551 [info] > git fetch [839ms]
2024-04-01 15:33:49.607 [info] > git status -z -uall [578ms] (cancelled)
2024-04-01 15:33:49.622 [info] > git config --get commit.template [18ms]
2024-04-01 15:33:49.624 [info] > git config --get commit.template [36ms]
2024-04-01 15:33:49.675 [info] > git for-each-ref --format=%(refname)%00%(upstream:short)%00%(objectname)%00%(upstream:track)%00%(upstream:remotename)%00%(upstream:remoteref) refs/heads/main refs/remotes/main [17ms]
2024-04-01 15:33:49.678 [info] > git for-each-ref --format=%(refname)%00%(upstream:short)%00%(objectname)%00%(upstream:track)%00%(upstream:remotename)%00%(upstream:remoteref) refs/heads/main refs/remotes/main [7ms]
2024-04-01 15:33:50.408 [info] > git status -z -uall [706ms] (cancelled)
2024-04-01 15:37:04.240 [info] > git fetch [2512ms]
2024-04-01 15:37:04.565 [info] > git config --get commit.template [13ms]
2024-04-01 15:37:04.613 [info] > git for-each-ref --format=%(refname)%00%(upstream:short)%00%(objectname)%00%(upstream:track)%00%(upstream:remotename)%00%(upstream:remoteref) refs/heads/main refs/remotes/main [23ms]
2024-04-01 15:37:05.619 [info] > git ls-files --stage -- /root/main.py [16ms]
2024-04-01 15:37:05.633 [info] > git cat-file -s 6cd458c9e9d1d6b529d6b06aebca6782558f001a [3ms]
2024-04-01 15:37:05.713 [info] > git show --textconv :main.py [22ms]
2024-04-01 15:37:08.917 [info] > git status -z -uall [4251ms] (cancelled)
2024-04-01 15:40:41.745 [info] > git fetch [519ms]
2024-04-01 15:40:41.782 [info] > git config --get commit.template [16ms]
2024-04-01 15:40:41.783 [info] > git for-each-ref --format=%(refname)%00%(upstream:short)%00%(objectname)%00%(upstream:track)%00%(upstream:remotename)%00%(upstream:remoteref) refs/heads/main refs/remotes/main [4ms]
2024-04-01 15:40:46.319 [info] > git status -z -uall [4517ms] (cancelled)
2024-04-01 15:40:47.661 [info] > git ls-files --stage -- /root/main.py [24ms]
2024-04-01 15:40:47.692 [info] > git cat-file -s 6cd458c9e9d1d6b529d6b06aebca6782558f001a [6ms]
2024-04-01 15:40:47.819 [info] > git show --textconv :main.py [12ms]
2024-04-01 15:43:43.716 [info] > git fetch [262ms]
2024-04-01 15:43:43.745 [info] > git config --get commit.template [12ms]
2024-04-01 15:43:43.746 [info] > git for-each-ref --format=%(refname)%00%(upstream:short)%00%(objectname)%00%(upstream:track)%00%(upstream:remotename)%00%(upstream:remoteref) refs/heads/main refs/remotes/main [3ms]
2024-04-01 15:43:46.905 [info] > git status -z -uall [3147ms] (cancelled)
2024-04-01 15:43:47.716 [info] > git ls-files --stage -- /root/main.py [15ms]
2024-04-01 15:43:47.735 [info] > git cat-file -s 6cd458c9e9d1d6b529d6b06aebca6782558f001a [2ms]
2024-04-01 15:43:47.768 [info] > git show --textconv :main.py [7ms]
2024-04-01 15:47:16.677 [info] > git fetch [420ms]
2024-04-01 15:47:16.706 [info] > git config --get commit.template [13ms]
2024-04-01 15:47:16.710 [info] > git for-each-ref --format=%(refname)%00%(upstream:short)%00%(objectname)%00%(upstream:track)%00%(upstream:remotename)%00%(upstream:remoteref) refs/heads/main refs/remotes/main [5ms]
2024-04-01 15:47:21.912 [info] > git status -z -uall [5189ms] (cancelled)
2024-04-01 15:47:23.129 [info] > git ls-files --stage -- /root/main.py [249ms]
2024-04-01 15:47:23.177 [info] > git cat-file -s 6cd458c9e9d1d6b529d6b06aebca6782558f001a [8ms]
2024-04-01 15:47:23.223 [info] > git show --textconv :main.py [18ms]
2024-04-01 15:50:37.078 [info] > git fetch [267ms]
2024-04-01 15:50:37.113 [info] > git config --get commit.template [5ms]
2024-04-01 15:50:37.134 [info] > git for-each-ref --format=%(refname)%00%(upstream:short)%00%(objectname)%00%(upstream:track)%00%(upstream:remotename)%00%(upstream:remoteref) refs/heads/main refs/remotes/main [3ms]
2024-04-01 15:50:41.674 [info] > git status -z -uall [4522ms] (cancelled)
2024-04-01 15:50:42.526 [info] > git ls-files --stage -- /root/main.py [13ms]
2024-04-01 15:50:42.547 [info] > git cat-file -s 6cd458c9e9d1d6b529d6b06aebca6782558f001a [2ms]
2024-04-01 15:50:42.622 [info] > git show --textconv :main.py [12ms]
