2024-03-11 15:54:52.512 [info] Log level: Info
2024-03-11 15:54:52.512 [info] Validating found git in: "git"
2024-03-11 15:54:52.512 [info] Using git "2.39.2" from "git"
2024-03-11 15:54:52.512 [info] > git rev-parse --show-toplevel [286ms]
2024-03-11 15:54:52.889 [info] > git rev-parse --git-dir --git-common-dir [403ms]
2024-03-11 15:54:52.977 [info] Open repository: /root
2024-03-11 15:54:53.063 [info] > git rev-parse --show-toplevel [30ms]
2024-03-11 15:54:53.065 [info] > git config --get commit.template [48ms]
2024-03-11 15:54:53.857 [info] > git for-each-ref --format=%(refname)%00%(upstream:short)%00%(objectname)%00%(upstream:track)%00%(upstream:remotename)%00%(upstream:remoteref) refs/heads/main refs/remotes/main [303ms]
2024-03-11 15:54:53.860 [info] > git rev-parse --show-toplevel [772ms]
2024-03-11 15:54:53.939 [info] > git check-ignore -v -z --stdin [344ms]
2024-03-11 15:54:53.959 [info] > git rev-parse --show-toplevel [50ms]
2024-03-11 15:54:54.030 [info] > git rev-parse --show-toplevel [45ms]
2024-03-11 15:54:54.206 [info] > git show --textconv :main.py [137ms]
2024-03-11 15:54:54.211 [info] > git ls-files --stage -- /root/main.py [109ms]
2024-03-11 15:54:54.337 [info] > git cat-file -s 6cd458c9e9d1d6b529d6b06aebca6782558f001a [94ms]
2024-03-11 15:54:54.987 [info] > git status -z -uall [965ms]
2024-03-11 15:54:55.089 [info] > git config --get commit.template [18ms]
2024-03-11 15:54:55.091 [info] > git for-each-ref --format=%(refname)%00%(upstream:short)%00%(objectname)%00%(upstream:track)%00%(upstream:remotename)%00%(upstream:remoteref) refs/heads/main refs/remotes/main [7ms]
2024-03-11 15:54:55.758 [info] > git status -z -uall [655ms]
2024-03-11 15:55:22.808 [info] > git config --get commit.template [4ms]
2024-03-11 15:55:22.839 [info] > git for-each-ref --format=%(refname)%00%(upstream:short)%00%(objectname)%00%(upstream:track)%00%(upstream:remotename)%00%(upstream:remoteref) refs/heads/main refs/remotes/main [12ms]
2024-03-11 15:55:23.067 [info] > git status -z -uall [210ms]
2024-03-11 15:55:23.126 [info] > git fetch [350ms]
2024-03-11 15:55:23.171 [info] > git config --get commit.template [5ms]
2024-03-11 15:55:23.575 [info] > git for-each-ref --format=%(refname)%00%(upstream:short)%00%(objectname)%00%(upstream:track)%00%(upstream:remotename)%00%(upstream:remoteref) refs/heads/main refs/remotes/main [363ms]
2024-03-11 15:55:23.728 [info] > git status -z -uall [137ms]
2024-03-11 15:55:24.717 [info] > git ls-files --stage -- /root/main.py [15ms]
2024-03-11 15:55:24.732 [info] > git cat-file -s 6cd458c9e9d1d6b529d6b06aebca6782558f001a [4ms]
2024-03-11 15:55:24.765 [info] > git show --textconv :main.py [11ms]
2024-03-11 15:56:20.850 [info] > git config --get commit.template [4ms]
2024-03-11 15:56:20.868 [info] > git for-each-ref --format=%(refname)%00%(upstream:short)%00%(objectname)%00%(upstream:track)%00%(upstream:remotename)%00%(upstream:remoteref) refs/heads/main refs/remotes/main [3ms]
2024-03-11 15:56:21.065 [info] > git status -z -uall [183ms]
2024-03-11 15:56:26.141 [info] > git config --get commit.template [3ms]
2024-03-11 15:56:26.153 [info] > git for-each-ref --format=%(refname)%00%(upstream:short)%00%(objectname)%00%(upstream:track)%00%(upstream:remotename)%00%(upstream:remoteref) refs/heads/main refs/remotes/main [3ms]
2024-03-11 15:56:26.287 [info] > git status -z -uall [123ms]
2024-03-11 15:56:31.351 [info] > git config --get commit.template [12ms]
2024-03-11 15:56:31.353 [info] > git for-each-ref --format=%(refname)%00%(upstream:short)%00%(objectname)%00%(upstream:track)%00%(upstream:remotename)%00%(upstream:remoteref) refs/heads/main refs/remotes/main [2ms]
2024-03-11 15:56:31.496 [info] > git status -z -uall [131ms]
2024-03-11 15:56:36.551 [info] > git config --get commit.template [2ms]
2024-03-11 15:56:36.564 [info] > git for-each-ref --format=%(refname)%00%(upstream:short)%00%(objectname)%00%(upstream:track)%00%(upstream:remotename)%00%(upstream:remoteref) refs/heads/main refs/remotes/main [3ms]
2024-03-11 15:56:36.705 [info] > git status -z -uall [131ms]
2024-03-11 15:56:41.777 [info] > git config --get commit.template [14ms]
2024-03-11 15:56:41.781 [info] > git for-each-ref --format=%(refname)%00%(upstream:short)%00%(objectname)%00%(upstream:track)%00%(upstream:remotename)%00%(upstream:remoteref) refs/heads/main refs/remotes/main [7ms]
2024-03-11 15:56:42.198 [info] > git status -z -uall [395ms]
2024-03-11 15:57:09.906 [info] > git config --get commit.template [24ms]
2024-03-11 15:57:09.916 [info] > git for-each-ref --format=%(refname)%00%(upstream:short)%00%(objectname)%00%(upstream:track)%00%(upstream:remotename)%00%(upstream:remoteref) refs/heads/main refs/remotes/main [20ms]
2024-03-11 15:57:10.476 [info] > git status -z -uall [408ms]
2024-03-11 15:57:15.555 [info] > git config --get commit.template [11ms]
2024-03-11 15:57:15.557 [info] > git for-each-ref --format=%(refname)%00%(upstream:short)%00%(objectname)%00%(upstream:track)%00%(upstream:remotename)%00%(upstream:remoteref) refs/heads/main refs/remotes/main [3ms]
2024-03-11 15:57:15.692 [info] > git status -z -uall [123ms]
2024-03-11 15:57:20.748 [info] > git config --get commit.template [11ms]
2024-03-11 15:57:20.749 [info] > git for-each-ref --format=%(refname)%00%(upstream:short)%00%(objectname)%00%(upstream:track)%00%(upstream:remotename)%00%(upstream:remoteref) refs/heads/main refs/remotes/main [3ms]
2024-03-11 15:57:20.887 [info] > git status -z -uall [126ms]
2024-03-11 15:57:25.947 [info] > git config --get commit.template [18ms]
2024-03-11 15:57:25.949 [info] > git for-each-ref --format=%(refname)%00%(upstream:short)%00%(objectname)%00%(upstream:track)%00%(upstream:remotename)%00%(upstream:remoteref) refs/heads/main refs/remotes/main [4ms]
2024-03-11 15:57:26.107 [info] > git status -z -uall [145ms]
2024-03-11 15:57:31.178 [info] > git config --get commit.template [3ms]
2024-03-11 15:57:31.198 [info] > git for-each-ref --format=%(refname)%00%(upstream:short)%00%(objectname)%00%(upstream:track)%00%(upstream:remotename)%00%(upstream:remoteref) refs/heads/main refs/remotes/main [6ms]
2024-03-11 15:57:31.368 [info] > git status -z -uall [137ms]
2024-03-11 15:57:36.434 [info] > git config --get commit.template [13ms]
2024-03-11 15:57:36.436 [info] > git for-each-ref --format=%(refname)%00%(upstream:short)%00%(objectname)%00%(upstream:track)%00%(upstream:remotename)%00%(upstream:remoteref) refs/heads/main refs/remotes/main [3ms]
2024-03-11 15:57:36.573 [info] > git status -z -uall [126ms]
2024-03-11 15:57:41.628 [info] > git config --get commit.template [12ms]
2024-03-11 15:57:41.630 [info] > git for-each-ref --format=%(refname)%00%(upstream:short)%00%(objectname)%00%(upstream:track)%00%(upstream:remotename)%00%(upstream:remoteref) refs/heads/main refs/remotes/main [3ms]
2024-03-11 15:57:41.767 [info] > git status -z -uall [127ms]
2024-03-11 15:57:46.825 [info] > git config --get commit.template [15ms]
2024-03-11 15:57:46.827 [info] > git for-each-ref --format=%(refname)%00%(upstream:short)%00%(objectname)%00%(upstream:track)%00%(upstream:remotename)%00%(upstream:remoteref) refs/heads/main refs/remotes/main [4ms]
2024-03-11 15:57:47.283 [info] > git status -z -uall [443ms]
2024-03-11 15:58:06.072 [info] > git config --get commit.template [3ms]
2024-03-11 15:58:06.090 [info] > git for-each-ref --format=%(refname)%00%(upstream:short)%00%(objectname)%00%(upstream:track)%00%(upstream:remotename)%00%(upstream:remoteref) refs/heads/main refs/remotes/main [3ms]
2024-03-11 15:58:06.279 [info] > git status -z -uall [171ms]
2024-03-11 15:58:11.352 [info] > git config --get commit.template [13ms]
2024-03-11 15:58:11.354 [info] > git for-each-ref --format=%(refname)%00%(upstream:short)%00%(objectname)%00%(upstream:track)%00%(upstream:remotename)%00%(upstream:remoteref) refs/heads/main refs/remotes/main [2ms]
2024-03-11 15:58:11.490 [info] > git status -z -uall [123ms]
2024-03-11 15:58:12.371 [info] > git show --textconv :.bashrc [14ms]
2024-03-11 15:58:12.384 [info] > git ls-files --stage -- /root/.bashrc [14ms]
2024-03-11 15:58:12.399 [info] > git cat-file -s df9ee744f8f65d1371df9d8e86c5cba4a81dda64 [4ms]
2024-03-11 15:58:16.550 [info] > git config --get commit.template [12ms]
2024-03-11 15:58:16.552 [info] > git for-each-ref --format=%(refname)%00%(upstream:short)%00%(objectname)%00%(upstream:track)%00%(upstream:remotename)%00%(upstream:remoteref) refs/heads/main refs/remotes/main [3ms]
2024-03-11 15:58:16.689 [info] > git status -z -uall [126ms]
2024-03-11 15:58:19.961 [info] > git show --textconv :main.py [13ms]
2024-03-11 15:58:19.978 [info] > git ls-files --stage -- /root/main.py [19ms]
2024-03-11 15:58:19.992 [info] > git cat-file -s 6cd458c9e9d1d6b529d6b06aebca6782558f001a [5ms]
2024-03-11 15:58:21.751 [info] > git config --get commit.template [12ms]
2024-03-11 15:58:21.753 [info] > git for-each-ref --format=%(refname)%00%(upstream:short)%00%(objectname)%00%(upstream:track)%00%(upstream:remotename)%00%(upstream:remoteref) refs/heads/main refs/remotes/main [3ms]
2024-03-11 15:58:21.894 [info] > git status -z -uall [129ms]
2024-03-11 15:58:25.024 [info] > git fetch [1255ms]
2024-03-11 15:58:25.040 [info] > git ls-files --stage -- /root/main.py [17ms]
2024-03-11 15:58:25.052 [info] > git config --get commit.template [14ms]
2024-03-11 15:58:25.063 [info] > git cat-file -s 6cd458c9e9d1d6b529d6b06aebca6782558f001a [12ms]
2024-03-11 15:58:25.065 [info] > git for-each-ref --format=%(refname)%00%(upstream:short)%00%(objectname)%00%(upstream:track)%00%(upstream:remotename)%00%(upstream:remoteref) refs/heads/main refs/remotes/main [3ms]
2024-03-11 15:58:25.110 [info] > git show --textconv :main.py [14ms]
2024-03-11 15:58:25.204 [info] > git status -z -uall [127ms]
2024-03-11 15:58:26.230 [info] > git ls-files --stage -- /root/main.py [9ms]
2024-03-11 15:58:26.242 [info] > git cat-file -s 6cd458c9e9d1d6b529d6b06aebca6782558f001a [2ms]
2024-03-11 15:58:26.265 [info] > git show --textconv :main.py [6ms]
2024-03-11 15:58:26.941 [info] > git config --get commit.template [2ms]
2024-03-11 15:58:26.955 [info] > git for-each-ref --format=%(refname)%00%(upstream:short)%00%(objectname)%00%(upstream:track)%00%(upstream:remotename)%00%(upstream:remoteref) refs/heads/main refs/remotes/main [4ms]
2024-03-11 15:58:27.092 [info] > git status -z -uall [124ms]
2024-03-11 15:58:32.136 [info] > git config --get commit.template [2ms]
2024-03-11 15:58:32.149 [info] > git for-each-ref --format=%(refname)%00%(upstream:short)%00%(objectname)%00%(upstream:track)%00%(upstream:remotename)%00%(upstream:remoteref) refs/heads/main refs/remotes/main [3ms]
2024-03-11 15:58:32.288 [info] > git status -z -uall [127ms]
2024-03-11 15:58:37.346 [info] > git config --get commit.template [13ms]
2024-03-11 15:58:37.348 [info] > git for-each-ref --format=%(refname)%00%(upstream:short)%00%(objectname)%00%(upstream:track)%00%(upstream:remotename)%00%(upstream:remoteref) refs/heads/main refs/remotes/main [2ms]
2024-03-11 15:58:37.482 [info] > git status -z -uall [123ms]
2024-03-11 15:58:42.531 [info] > git config --get commit.template [2ms]
2024-03-11 15:58:42.546 [info] > git for-each-ref --format=%(refname)%00%(upstream:short)%00%(objectname)%00%(upstream:track)%00%(upstream:remotename)%00%(upstream:remoteref) refs/heads/main refs/remotes/main [4ms]
2024-03-11 15:58:42.682 [info] > git status -z -uall [125ms]
2024-03-11 15:58:47.745 [info] > git config --get commit.template [15ms]
2024-03-11 15:58:47.747 [info] > git for-each-ref --format=%(refname)%00%(upstream:short)%00%(objectname)%00%(upstream:track)%00%(upstream:remotename)%00%(upstream:remoteref) refs/heads/main refs/remotes/main [3ms]
2024-03-11 15:58:47.904 [info] > git status -z -uall [144ms]
2024-03-11 15:58:52.953 [info] > git config --get commit.template [3ms]
2024-03-11 15:58:52.966 [info] > git for-each-ref --format=%(refname)%00%(upstream:short)%00%(objectname)%00%(upstream:track)%00%(upstream:remotename)%00%(upstream:remoteref) refs/heads/main refs/remotes/main [3ms]
2024-03-11 15:58:53.098 [info] > git status -z -uall [120ms]
2024-03-11 15:58:58.155 [info] > git config --get commit.template [12ms]
2024-03-11 15:58:58.156 [info] > git for-each-ref --format=%(refname)%00%(upstream:short)%00%(objectname)%00%(upstream:track)%00%(upstream:remotename)%00%(upstream:remoteref) refs/heads/main refs/remotes/main [2ms]
2024-03-11 15:58:58.290 [info] > git status -z -uall [122ms]
2024-03-11 16:00:13.441 [info] > git config --get commit.template [6ms]
2024-03-11 16:00:13.460 [info] > git for-each-ref --format=%(refname)%00%(upstream:short)%00%(objectname)%00%(upstream:track)%00%(upstream:remotename)%00%(upstream:remoteref) refs/heads/main refs/remotes/main [3ms]
2024-03-11 16:00:13.621 [info] > git status -z -uall [149ms]
