2024-04-03 15:07:44.827 [info] Log level: Info
2024-04-03 15:07:44.827 [info] Validating found git in: "git"
2024-04-03 15:07:44.827 [info] Using git "2.39.2" from "git"
2024-04-03 15:07:44.827 [info] > git rev-parse --show-toplevel [289ms]
2024-04-03 15:07:44.827 [info] > git rev-parse --git-dir --git-common-dir [23ms]
2024-04-03 15:07:44.827 [info] Open repository: /root
2024-04-03 15:07:44.832 [info] > git rev-parse --show-toplevel [18ms]
2024-04-03 15:07:44.835 [info] > git config --get commit.template [38ms]
2024-04-03 15:07:44.921 [info] > git rev-parse --show-toplevel [37ms]
2024-04-03 15:07:45.076 [info] > git for-each-ref --format=%(refname)%00%(upstream:short)%00%(objectname)%00%(upstream:track)%00%(upstream:remotename)%00%(upstream:remoteref) refs/heads/main refs/remotes/main [167ms]
2024-04-03 15:07:45.099 [info] > git rev-parse --show-toplevel [25ms]
2024-04-03 15:07:45.145 [info] > git rev-parse --show-toplevel [12ms]
2024-04-03 15:07:45.319 [info] > git show --textconv :main.py [149ms]
2024-04-03 15:07:45.319 [info] > git fetch [568ms]
2024-04-03 15:07:45.337 [info] > git ls-files --stage -- /root/main.py [147ms]
2024-04-03 15:07:45.482 [info] > git status -z -uall [272ms] (cancelled)
2024-04-03 15:07:45.485 [info] > git check-ignore -v -z --stdin [94ms]
2024-04-03 15:07:45.488 [info] > git cat-file -s 6cd458c9e9d1d6b529d6b06aebca6782558f001a [117ms]
2024-04-03 15:07:45.499 [info] > git config --get commit.template [18ms]
2024-04-03 15:07:45.499 [info] > git config --get commit.template [66ms]
2024-04-03 15:07:46.036 [info] > git for-each-ref --format=%(refname)%00%(upstream:short)%00%(objectname)%00%(upstream:track)%00%(upstream:remotename)%00%(upstream:remoteref) refs/heads/main refs/remotes/main [338ms]
2024-04-03 15:07:46.037 [info] > git for-each-ref --format=%(refname)%00%(upstream:short)%00%(objectname)%00%(upstream:track)%00%(upstream:remotename)%00%(upstream:remoteref) refs/heads/main refs/remotes/main [352ms]
2024-04-03 15:07:46.607 [info] > git status -z -uall [532ms] (cancelled)
2024-04-03 15:10:46.406 [info] > git fetch [317ms]
2024-04-03 15:10:46.442 [info] > git config --get commit.template [16ms]
2024-04-03 15:10:46.443 [info] > git for-each-ref --format=%(refname)%00%(upstream:short)%00%(objectname)%00%(upstream:track)%00%(upstream:remotename)%00%(upstream:remoteref) refs/heads/main refs/remotes/main [3ms]
2024-04-03 15:10:49.948 [info] > git status -z -uall [3468ms] (cancelled)
2024-04-03 15:10:50.695 [info] > git ls-files --stage -- /root/main.py [9ms]
2024-04-03 15:10:50.711 [info] > git cat-file -s 6cd458c9e9d1d6b529d6b06aebca6782558f001a [2ms]
2024-04-03 15:10:50.741 [info] > git show --textconv :main.py [11ms]
2024-04-03 15:13:09.050 [info] > git check-ignore -v -z --stdin [13ms]
2024-04-03 15:13:48.228 [info] > git fetch [342ms]
2024-04-03 15:13:48.257 [info] > git config --get commit.template [6ms]
2024-04-03 15:13:48.277 [info] > git for-each-ref --format=%(refname)%00%(upstream:short)%00%(objectname)%00%(upstream:track)%00%(upstream:remotename)%00%(upstream:remoteref) refs/heads/main refs/remotes/main [6ms]
2024-04-03 15:13:51.656 [info] > git status -z -uall [3365ms] (cancelled)
2024-04-03 15:13:52.360 [info] > git ls-files --stage -- /root/main.py [13ms]
2024-04-03 15:13:52.388 [info] > git cat-file -s 6cd458c9e9d1d6b529d6b06aebca6782558f001a [4ms]
2024-04-03 15:13:52.432 [info] > git show --textconv :main.py [9ms]
2024-04-03 15:14:05.613 [info] > git check-ignore -v -z --stdin [16ms]
2024-04-03 15:14:08.088 [info] > git show --textconv :output/fast.log [16ms]
2024-04-03 15:14:08.097 [info] > git ls-files --stage -- /root/output/fast.log [10ms]
2024-04-03 15:14:10.707 [info] > git show --textconv :output/eve.json [37ms]
2024-04-03 15:14:10.708 [info] > git ls-files --stage -- /root/output/eve.json [16ms]
2024-04-03 15:14:36.402 [info] > git show --textconv :output/suricata.log [13ms]
2024-04-03 15:14:36.408 [info] > git ls-files --stage -- /root/output/suricata.log [8ms]
2024-04-03 15:14:47.600 [info] > git show --textconv :output/stats.log [27ms]
2024-04-03 15:14:47.608 [info] > git ls-files --stage -- /root/output/stats.log [10ms]
2024-04-03 15:15:59.890 [info] > git show --textconv :.profile [18ms]
2024-04-03 15:15:59.897 [info] > git ls-files --stage -- /root/.profile [12ms]
2024-04-03 15:15:59.911 [info] > git cat-file -s c4c7402daf7ae66c19afdd13030901209f3d77fa [3ms]
2024-04-03 15:16:04.235 [info] > git show --textconv :README.md [60ms]
2024-04-03 15:16:04.235 [info] > git ls-files --stage -- /root/README.md [41ms]
2024-04-03 15:16:04.262 [info] > git cat-file -s 566e07061a215f98973b99a946330c599919fbbe [6ms]
2024-04-03 15:16:04.748 [info] > git show --textconv :main.py [19ms]
2024-04-03 15:16:04.775 [info] > git ls-files --stage -- /root/main.py [31ms]
2024-04-03 15:16:04.799 [info] > git cat-file -s 6cd458c9e9d1d6b529d6b06aebca6782558f001a [12ms]
2024-04-03 15:16:49.782 [info] > git fetch [203ms]
2024-04-03 15:16:49.799 [info] > git config --get commit.template [3ms]
2024-04-03 15:16:49.813 [info] > git for-each-ref --format=%(refname)%00%(upstream:short)%00%(objectname)%00%(upstream:track)%00%(upstream:remotename)%00%(upstream:remoteref) refs/heads/main refs/remotes/main [2ms]
2024-04-03 15:16:52.563 [info] > git status -z -uall [2738ms] (cancelled)
2024-04-03 15:16:53.360 [info] > git ls-files --stage -- /root/main.py [10ms]
2024-04-03 15:16:53.377 [info] > git cat-file -s 6cd458c9e9d1d6b529d6b06aebca6782558f001a [1ms]
2024-04-03 15:16:53.405 [info] > git show --textconv :main.py [8ms]
2024-04-03 15:19:50.997 [info] > git fetch [230ms]
2024-04-03 15:19:51.016 [info] > git config --get commit.template [3ms]
2024-04-03 15:19:51.030 [info] > git for-each-ref --format=%(refname)%00%(upstream:short)%00%(objectname)%00%(upstream:track)%00%(upstream:remotename)%00%(upstream:remoteref) refs/heads/main refs/remotes/main [3ms]
2024-04-03 15:19:53.758 [info] > git status -z -uall [2715ms] (cancelled)
2024-04-03 15:19:54.582 [info] > git ls-files --stage -- /root/main.py [13ms]
2024-04-03 15:19:54.600 [info] > git cat-file -s 6cd458c9e9d1d6b529d6b06aebca6782558f001a [2ms]
2024-04-03 15:19:54.632 [info] > git show --textconv :main.py [9ms]
2024-04-03 15:22:06.305 [info] > git show --textconv :output/fast.log [15ms]
2024-04-03 15:22:06.316 [info] > git ls-files --stage -- /root/output/fast.log [13ms]
2024-04-03 15:22:14.221 [info] > git show --textconv :output/eve.json [30ms]
2024-04-03 15:22:14.259 [info] > git ls-files --stage -- /root/output/eve.json [43ms]
2024-04-03 15:22:52.722 [info] > git fetch [434ms]
2024-04-03 15:22:52.749 [info] > git config --get commit.template [2ms]
2024-04-03 15:22:52.776 [info] > git for-each-ref --format=%(refname)%00%(upstream:short)%00%(objectname)%00%(upstream:track)%00%(upstream:remotename)%00%(upstream:remoteref) refs/heads/main refs/remotes/main [6ms]
2024-04-03 15:22:56.379 [info] > git status -z -uall [3583ms] (cancelled)
2024-04-03 15:22:57.485 [info] > git ls-files --stage -- /root/output/eve.json [88ms]
2024-04-03 15:22:57.567 [info] > git show --textconv :output/eve.json [54ms]
2024-04-03 15:23:01.365 [info] > git show --textconv :output/fast.log [20ms]
2024-04-03 15:23:01.373 [info] > git ls-files --stage -- /root/output/fast.log [8ms]
2024-04-03 15:23:29.580 [info] > git show --textconv :main.py [18ms]
2024-04-03 15:23:29.589 [info] > git ls-files --stage -- /root/main.py [13ms]
2024-04-03 15:23:29.602 [info] > git cat-file -s 6cd458c9e9d1d6b529d6b06aebca6782558f001a [3ms]
2024-04-03 15:25:54.569 [info] > git fetch [278ms]
2024-04-03 15:25:54.598 [info] > git config --get commit.template [15ms]
2024-04-03 15:25:54.598 [info] > git for-each-ref --format=%(refname)%00%(upstream:short)%00%(objectname)%00%(upstream:track)%00%(upstream:remotename)%00%(upstream:remoteref) refs/heads/main refs/remotes/main [4ms]
2024-04-03 15:25:57.671 [info] > git status -z -uall [3060ms] (cancelled)
2024-04-03 15:25:58.472 [info] > git ls-files --stage -- /root/main.py [10ms]
2024-04-03 15:25:58.489 [info] > git cat-file -s 6cd458c9e9d1d6b529d6b06aebca6782558f001a [2ms]
2024-04-03 15:25:58.522 [info] > git show --textconv :main.py [8ms]
2024-04-03 15:30:00.101 [info] > git fetch [572ms]
2024-04-03 15:30:00.187 [info] > git config --get commit.template [35ms]
2024-04-03 15:30:00.190 [info] > git for-each-ref --format=%(refname)%00%(upstream:short)%00%(objectname)%00%(upstream:track)%00%(upstream:remotename)%00%(upstream:remoteref) refs/heads/main refs/remotes/main [6ms]
2024-04-03 15:30:03.826 [info] > git status -z -uall [3612ms] (cancelled)
2024-04-03 15:30:04.909 [info] > git ls-files --stage -- /root/main.py [12ms]
2024-04-03 15:30:05.013 [info] > git cat-file -s 6cd458c9e9d1d6b529d6b06aebca6782558f001a [84ms]
2024-04-03 15:30:05.047 [info] > git show --textconv :main.py [10ms]
2024-04-03 15:33:01.950 [info] > git fetch [257ms]
2024-04-03 15:33:01.987 [info] > git config --get commit.template [16ms]
2024-04-03 15:33:01.990 [info] > git for-each-ref --format=%(refname)%00%(upstream:short)%00%(objectname)%00%(upstream:track)%00%(upstream:remotename)%00%(upstream:remoteref) refs/heads/main refs/remotes/main [5ms]
2024-04-03 15:33:05.854 [info] > git status -z -uall [3846ms] (cancelled)
2024-04-03 15:33:07.237 [info] > git ls-files --stage -- /root/main.py [31ms]
2024-04-03 15:33:07.261 [info] > git cat-file -s 6cd458c9e9d1d6b529d6b06aebca6782558f001a [2ms]
2024-04-03 15:33:07.307 [info] > git show --textconv :main.py [15ms]
2024-04-03 15:37:38.356 [info] > git fetch [372ms]
2024-04-03 15:37:38.398 [info] > git config --get commit.template [17ms]
2024-04-03 15:37:38.402 [info] > git for-each-ref --format=%(refname)%00%(upstream:short)%00%(objectname)%00%(upstream:track)%00%(upstream:remotename)%00%(upstream:remoteref) refs/heads/main refs/remotes/main [7ms]
2024-04-03 15:37:44.447 [info] > git status -z -uall [6024ms] (cancelled)
2024-04-03 15:37:45.903 [info] > git show --textconv :output/fast.log [54ms]
2024-04-03 15:37:45.906 [info] > git ls-files --stage -- /root/output/fast.log [20ms]
2024-04-03 15:38:11.312 [info] > git show --textconv :output/stats.log [17ms]
2024-04-03 15:38:11.321 [info] > git ls-files --stage -- /root/output/stats.log [10ms]
2024-04-03 15:38:13.547 [info] > git show --textconv :output/suricata.log [13ms]
2024-04-03 15:38:13.553 [info] > git ls-files --stage -- /root/output/suricata.log [8ms]
2024-04-03 15:38:21.195 [info] > git show --textconv :output/eve.json [26ms]
2024-04-03 15:38:21.200 [info] > git ls-files --stage -- /root/output/eve.json [12ms]
2024-04-03 15:39:18.094 [info] > git show --textconv :.bash_history [31ms]
2024-04-03 15:39:18.102 [info] > git ls-files --stage -- /root/.bash_history [12ms]
2024-04-03 15:39:18.124 [info] > git cat-file -s ce9b2c23e2780cc4582323303a679a6ca6c304fd [3ms]
2024-04-03 15:39:19.318 [info] > git show --textconv :output/suricata.log [19ms]
2024-04-03 15:39:19.330 [info] > git ls-files --stage -- /root/output/suricata.log [14ms]
2024-04-03 15:39:34.074 [info] > git show --textconv :output/stats.log [21ms]
2024-04-03 15:39:34.094 [info] > git ls-files --stage -- /root/output/stats.log [25ms]
2024-04-03 15:39:34.942 [info] > git show --textconv :output/fast.log [22ms]
2024-04-03 15:39:34.951 [info] > git ls-files --stage -- /root/output/fast.log [11ms]
2024-04-03 15:39:36.980 [info] > git show --textconv :main.py [26ms]
2024-04-03 15:39:36.989 [info] > git ls-files --stage -- /root/main.py [13ms]
2024-04-03 15:39:37.017 [info] > git cat-file -s 6cd458c9e9d1d6b529d6b06aebca6782558f001a [6ms]
2024-04-03 15:40:57.204 [info] > git fetch [349ms]
2024-04-03 15:40:57.230 [info] > git config --get commit.template [4ms]
2024-04-03 15:40:57.246 [info] > git for-each-ref --format=%(refname)%00%(upstream:short)%00%(objectname)%00%(upstream:track)%00%(upstream:remotename)%00%(upstream:remoteref) refs/heads/main refs/remotes/main [2ms]
2024-04-03 15:41:01.815 [info] > git status -z -uall [4555ms] (cancelled)
2024-04-03 15:41:02.970 [info] > git ls-files --stage -- /root/main.py [133ms]
2024-04-03 15:41:02.997 [info] > git cat-file -s 6cd458c9e9d1d6b529d6b06aebca6782558f001a [3ms]
2024-04-03 15:41:03.038 [info] > git show --textconv :main.py [14ms]
2024-04-03 15:42:24.656 [info] > git show --textconv :output/fast.log [16ms]
2024-04-03 15:42:24.665 [info] > git ls-files --stage -- /root/output/fast.log [10ms]
2024-04-03 15:43:13.548 [info] > git show --textconv :main.py [13ms]
2024-04-03 15:43:13.558 [info] > git ls-files --stage -- /root/main.py [12ms]
2024-04-03 15:43:13.575 [info] > git cat-file -s 6cd458c9e9d1d6b529d6b06aebca6782558f001a [3ms]
2024-04-03 15:45:15.622 [info] > git fetch [408ms]
2024-04-03 15:45:15.696 [info] > git config --get commit.template [53ms]
2024-04-03 15:45:15.699 [info] > git for-each-ref --format=%(refname)%00%(upstream:short)%00%(objectname)%00%(upstream:track)%00%(upstream:remotename)%00%(upstream:remoteref) refs/heads/main refs/remotes/main [5ms]
2024-04-03 15:45:20.309 [info] > git status -z -uall [4596ms] (cancelled)
2024-04-03 15:45:21.601 [info] > git ls-files --stage -- /root/main.py [21ms]
2024-04-03 15:45:21.634 [info] > git cat-file -s 6cd458c9e9d1d6b529d6b06aebca6782558f001a [6ms]
2024-04-03 15:45:21.685 [info] > git show --textconv :main.py [12ms]
2024-04-03 15:53:53.023 [info] > git fetch [436ms]
2024-04-03 15:53:53.087 [info] > git config --get commit.template [23ms]
2024-04-03 15:53:53.089 [info] > git for-each-ref --format=%(refname)%00%(upstream:short)%00%(objectname)%00%(upstream:track)%00%(upstream:remotename)%00%(upstream:remoteref) refs/heads/main refs/remotes/main [6ms]
2024-04-03 15:54:00.258 [info] > git status -z -uall [7150ms] (cancelled)
2024-04-03 15:54:01.366 [info] > git ls-files --stage -- /root/main.py [13ms]
2024-04-03 15:54:01.396 [info] > git cat-file -s 6cd458c9e9d1d6b529d6b06aebca6782558f001a [3ms]
2024-04-03 15:54:01.445 [info] > git show --textconv :main.py [9ms]
2024-04-03 15:54:07.318 [info] > git show --textconv :output/fast.log [35ms]
2024-04-03 15:54:07.331 [info] > git ls-files --stage -- /root/output/fast.log [14ms]
2024-04-03 15:54:09.480 [info] > git show --textconv :output/eve.json [27ms]
2024-04-03 15:54:09.494 [info] > git ls-files --stage -- /root/output/eve.json [16ms]
2024-04-03 15:54:14.114 [info] > git show --textconv :main.py [29ms]
2024-04-03 15:54:14.119 [info] > git ls-files --stage -- /root/main.py [16ms]
2024-04-03 15:54:14.139 [info] > git cat-file -s 6cd458c9e9d1d6b529d6b06aebca6782558f001a [2ms]
2024-04-03 15:57:07.406 [info] > git fetch [218ms]
2024-04-03 15:57:07.436 [info] > git config --get commit.template [15ms]
2024-04-03 15:57:07.437 [info] > git for-each-ref --format=%(refname)%00%(upstream:short)%00%(objectname)%00%(upstream:track)%00%(upstream:remotename)%00%(upstream:remoteref) refs/heads/main refs/remotes/main [2ms]
2024-04-03 15:57:11.347 [info] > git status -z -uall [3896ms] (cancelled)
2024-04-03 15:57:12.442 [info] > git ls-files --stage -- /root/main.py [86ms]
2024-04-03 15:57:12.466 [info] > git cat-file -s 6cd458c9e9d1d6b529d6b06aebca6782558f001a [3ms]
2024-04-03 15:57:12.503 [info] > git show --textconv :main.py [12ms]
2024-04-03 16:00:33.019 [info] > git fetch [434ms]
2024-04-03 16:00:33.052 [info] > git config --get commit.template [15ms]
2024-04-03 16:00:33.052 [info] > git for-each-ref --format=%(refname)%00%(upstream:short)%00%(objectname)%00%(upstream:track)%00%(upstream:remotename)%00%(upstream:remoteref) refs/heads/main refs/remotes/main [3ms]
2024-04-03 16:00:36.232 [info] > git status -z -uall [3165ms] (cancelled)
2024-04-03 16:00:37.082 [info] > git ls-files --stage -- /root/main.py [28ms]
2024-04-03 16:00:37.136 [info] > git cat-file -s 6cd458c9e9d1d6b529d6b06aebca6782558f001a [5ms]
2024-04-03 16:00:37.206 [info] > git show --textconv :main.py [13ms]
2024-04-03 16:02:36.478 [info] > git show --textconv :output/fast.log [15ms]
2024-04-03 16:02:36.488 [info] > git ls-files --stage -- /root/output/fast.log [11ms]
2024-04-03 16:02:39.212 [info] > git show --textconv :output/eve.json [23ms]
2024-04-03 16:02:39.216 [info] > git ls-files --stage -- /root/output/eve.json [9ms]
2024-04-03 16:02:50.976 [info] > git show --textconv :main.py [20ms]
2024-04-03 16:02:50.987 [info] > git ls-files --stage -- /root/main.py [14ms]
2024-04-03 16:02:51.005 [info] > git cat-file -s 6cd458c9e9d1d6b529d6b06aebca6782558f001a [3ms]
2024-04-03 16:03:38.502 [info] > git fetch [546ms]
2024-04-03 16:03:38.540 [info] > git config --get commit.template [20ms]
2024-04-03 16:03:38.541 [info] > git for-each-ref --format=%(refname)%00%(upstream:short)%00%(objectname)%00%(upstream:track)%00%(upstream:remotename)%00%(upstream:remoteref) refs/heads/main refs/remotes/main [3ms]
2024-04-03 16:03:41.639 [info] > git status -z -uall [3082ms] (cancelled)
2024-04-03 16:03:42.407 [info] > git ls-files --stage -- /root/main.py [9ms]
2024-04-03 16:03:42.426 [info] > git cat-file -s 6cd458c9e9d1d6b529d6b06aebca6782558f001a [1ms]
2024-04-03 16:03:42.457 [info] > git show --textconv :main.py [7ms]
2024-04-03 16:04:29.631 [info] > git show --textconv :output/fast.log [17ms]
2024-04-03 16:04:29.638 [info] > git ls-files --stage -- /root/output/fast.log [8ms]
2024-04-03 16:04:34.013 [info] > git show --textconv :output/eve.json [22ms]
2024-04-03 16:04:34.019 [info] > git ls-files --stage -- /root/output/eve.json [13ms]
2024-04-03 16:04:36.827 [info] > git show --textconv :output/stats.log [40ms]
2024-04-03 16:04:36.833 [info] > git ls-files --stage -- /root/output/stats.log [31ms]
2024-04-03 16:04:38.078 [info] > git show --textconv :output/suricata.log [67ms]
2024-04-03 16:04:38.138 [info] > git ls-files --stage -- /root/output/suricata.log [107ms]
2024-04-03 16:04:53.599 [info] > git show --textconv :output/fast.log [15ms]
2024-04-03 16:04:53.605 [info] > git ls-files --stage -- /root/output/fast.log [9ms]
2024-04-03 16:05:02.246 [info] > git show --textconv :output/suricata.log [22ms]
2024-04-03 16:05:02.256 [info] > git ls-files --stage -- /root/output/suricata.log [11ms]
2024-04-03 16:05:09.996 [info] > git show --textconv :output/fast.log [13ms]
2024-04-03 16:05:10.004 [info] > git ls-files --stage -- /root/output/fast.log [9ms]
2024-04-03 16:05:22.975 [info] > git show --textconv :output/suricata.log [17ms]
2024-04-03 16:05:22.981 [info] > git ls-files --stage -- /root/output/suricata.log [9ms]
2024-04-03 16:06:29.128 [info] > git show --textconv :output/fast.log [33ms]
2024-04-03 16:06:29.130 [info] > git ls-files --stage -- /root/output/fast.log [15ms]
2024-04-03 16:06:34.315 [info] > git show --textconv :output/suricata.log [28ms]
2024-04-03 16:06:34.330 [info] > git ls-files --stage -- /root/output/suricata.log [21ms]
2024-04-03 16:06:39.948 [info] > git fetch [357ms]
2024-04-03 16:06:40.051 [info] > git config --get commit.template [40ms]
2024-04-03 16:06:40.054 [info] > git for-each-ref --format=%(refname)%00%(upstream:short)%00%(objectname)%00%(upstream:track)%00%(upstream:remotename)%00%(upstream:remoteref) refs/heads/main refs/remotes/main [6ms]
2024-04-03 16:06:45.380 [info] > git status -z -uall [5311ms] (cancelled)
2024-04-03 16:06:46.552 [info] > git ls-files --stage -- /root/output/suricata.log [13ms]
2024-04-03 16:06:46.583 [info] > git show --textconv :output/suricata.log [7ms]
2024-04-03 16:08:20.497 [info] > git show --textconv :output/fast.log [55ms]
2024-04-03 16:08:20.505 [info] > git ls-files --stage -- /root/output/fast.log [51ms]
2024-04-03 16:09:44.683 [info] > git show --textconv :main.py [284ms]
2024-04-03 16:09:44.721 [info] > git ls-files --stage -- /root/main.py [199ms]
2024-04-03 16:09:44.763 [info] > git cat-file -s 6cd458c9e9d1d6b529d6b06aebca6782558f001a [6ms]
2024-04-03 16:09:45.317 [info] > git fetch [2102ms]
2024-04-03 16:09:45.406 [info] > git config --get commit.template [12ms]
2024-04-03 16:09:45.485 [info] > git ls-files --stage -- /root/main.py [42ms]
2024-04-03 16:09:45.521 [info] > git for-each-ref --format=%(refname)%00%(upstream:short)%00%(objectname)%00%(upstream:track)%00%(upstream:remotename)%00%(upstream:remoteref) refs/heads/main refs/remotes/main [40ms]
2024-04-03 16:09:45.645 [info] > git cat-file -s 6cd458c9e9d1d6b529d6b06aebca6782558f001a [122ms]
2024-04-03 16:09:46.226 [info] > git show --textconv :main.py [67ms]
2024-04-03 16:09:46.794 [info] > git ls-files --stage -- /root/main.py [78ms]
2024-04-03 16:09:46.898 [info] > git cat-file -s 6cd458c9e9d1d6b529d6b06aebca6782558f001a [20ms]
2024-04-03 16:09:47.452 [info] > git show --textconv :main.py [364ms]
2024-04-03 16:10:01.175 [info] > git status -z -uall [14951ms] (cancelled)
